2024-10-11 14:37:22 [scrapy.utils.log] INFO: Scrapy 2.11.1 started (bot: mma_scraper)
2024-10-11 14:37:22 [scrapy.utils.log] INFO: Versions: lxml 5.3.0.0, libxml2 2.11.7, cssselect 1.2.0, parsel 1.8.1, w3lib 2.1.2, Twisted 23.10.0, Python 3.10.15 | packaged by Anaconda, Inc. | (main, Oct  3 2024, 07:22:19) [MSC v.1929 64 bit (AMD64)], pyOpenSSL 24.2.1 (OpenSSL 3.0.15 3 Sep 2024), cryptography 43.0.0, Platform Windows-10-10.0.19045-SP0
2024-10-11 14:37:22 [scrapy.addons] INFO: Enabled addons:
[]
2024-10-11 14:37:22 [scrapy.extensions.telnet] INFO: Telnet Password: 4769fee90b073947
2024-10-11 14:37:23 [scrapy.middleware] INFO: Enabled extensions:
['scrapy.extensions.corestats.CoreStats',
 'scrapy.extensions.telnet.TelnetConsole',
 'scrapy.extensions.logstats.LogStats',
 'scrapy.extensions.throttle.AutoThrottle']
2024-10-11 14:37:23 [scrapy.crawler] INFO: Overridden settings:
{'AUTOTHROTTLE_ENABLED': True,
 'BOT_NAME': 'mma_scraper',
 'FEED_EXPORT_ENCODING': 'utf-8',
 'LOG_FILE': 'scrapy.log',
 'LOG_LEVEL': 'INFO',
 'NEWSPIDER_MODULE': 'mma_scraper.spiders',
 'REQUEST_FINGERPRINTER_IMPLEMENTATION': '2.7',
 'ROBOTSTXT_OBEY': True,
 'SPIDER_MODULES': ['mma_scraper.spiders'],
 'TWISTED_REACTOR': 'twisted.internet.asyncioreactor.AsyncioSelectorReactor'}
2024-10-11 14:37:23 [scrapy.middleware] INFO: Enabled downloader middlewares:
['scrapy.downloadermiddlewares.robotstxt.RobotsTxtMiddleware',
 'scrapy.downloadermiddlewares.httpauth.HttpAuthMiddleware',
 'scrapy.downloadermiddlewares.downloadtimeout.DownloadTimeoutMiddleware',
 'scrapy.downloadermiddlewares.defaultheaders.DefaultHeadersMiddleware',
 'scrapy.downloadermiddlewares.useragent.UserAgentMiddleware',
 'scrapy.downloadermiddlewares.retry.RetryMiddleware',
 'scrapy.downloadermiddlewares.redirect.MetaRefreshMiddleware',
 'scrapy.downloadermiddlewares.httpcompression.HttpCompressionMiddleware',
 'scrapy.downloadermiddlewares.redirect.RedirectMiddleware',
 'scrapy.downloadermiddlewares.cookies.CookiesMiddleware',
 'scrapy.downloadermiddlewares.httpproxy.HttpProxyMiddleware',
 'scrapy.downloadermiddlewares.stats.DownloaderStats']
2024-10-11 14:37:23 [scrapy.middleware] INFO: Enabled spider middlewares:
['scrapy.spidermiddlewares.httperror.HttpErrorMiddleware',
 'scrapy.spidermiddlewares.offsite.OffsiteMiddleware',
 'scrapy.spidermiddlewares.referer.RefererMiddleware',
 'scrapy.spidermiddlewares.urllength.UrlLengthMiddleware',
 'scrapy.spidermiddlewares.depth.DepthMiddleware']
2024-10-11 14:37:23 [twisted] CRITICAL: Unhandled error in Deferred:
2024-10-11 14:37:23 [twisted] CRITICAL: 
Traceback (most recent call last):
  File "C:\Users\Teddy\anaconda3\envs\mma_elo_engine\lib\site-packages\twisted\internet\defer.py", line 2000, in _inlineCallbacks
    result = context.run(gen.send, result)
  File "C:\Users\Teddy\anaconda3\envs\mma_elo_engine\lib\site-packages\scrapy\crawler.py", line 158, in crawl
    self.engine = self._create_engine()
  File "C:\Users\Teddy\anaconda3\envs\mma_elo_engine\lib\site-packages\scrapy\crawler.py", line 172, in _create_engine
    return ExecutionEngine(self, lambda _: self.stop())
  File "C:\Users\Teddy\anaconda3\envs\mma_elo_engine\lib\site-packages\scrapy\core\engine.py", line 100, in __init__
    self.scraper = Scraper(crawler)
  File "C:\Users\Teddy\anaconda3\envs\mma_elo_engine\lib\site-packages\scrapy\core\scraper.py", line 109, in __init__
    self.itemproc: ItemPipelineManager = itemproc_cls.from_crawler(crawler)
  File "C:\Users\Teddy\anaconda3\envs\mma_elo_engine\lib\site-packages\scrapy\middleware.py", line 90, in from_crawler
    return cls.from_settings(crawler.settings, crawler)
  File "C:\Users\Teddy\anaconda3\envs\mma_elo_engine\lib\site-packages\scrapy\middleware.py", line 66, in from_settings
    mwcls = load_object(clspath)
  File "C:\Users\Teddy\anaconda3\envs\mma_elo_engine\lib\site-packages\scrapy\utils\misc.py", line 79, in load_object
    mod = import_module(module)
  File "C:\Users\Teddy\anaconda3\envs\mma_elo_engine\lib\importlib\__init__.py", line 126, in import_module
    return _bootstrap._gcd_import(name[level:], package, level)
  File "<frozen importlib._bootstrap>", line 1050, in _gcd_import
  File "<frozen importlib._bootstrap>", line 1027, in _find_and_load
  File "<frozen importlib._bootstrap>", line 1006, in _find_and_load_unlocked
  File "<frozen importlib._bootstrap>", line 688, in _load_unlocked
  File "<frozen importlib._bootstrap_external>", line 883, in exec_module
  File "<frozen importlib._bootstrap>", line 241, in _call_with_frames_removed
  File "C:\Users\Teddy\Documents\Projects\mma-elo-engine\mma-elo-engine-py\backend\app\mma_scraper\mma_scraper\pipelines.py", line 16, in <module>
    from models import Fighter, Fight, Event, EloRecord
  File "C:\Users\Teddy\Documents\Projects\mma-elo-engine\mma-elo-engine-py\backend\app\models.py", line 3, in <module>
    from .database import Base
ImportError: attempted relative import with no known parent package
2024-10-11 14:39:40 [scrapy.utils.log] INFO: Scrapy 2.11.1 started (bot: mma_scraper)
2024-10-11 14:39:40 [scrapy.utils.log] INFO: Versions: lxml 5.3.0.0, libxml2 2.11.7, cssselect 1.2.0, parsel 1.8.1, w3lib 2.1.2, Twisted 23.10.0, Python 3.10.15 | packaged by Anaconda, Inc. | (main, Oct  3 2024, 07:22:19) [MSC v.1929 64 bit (AMD64)], pyOpenSSL 24.2.1 (OpenSSL 3.0.15 3 Sep 2024), cryptography 43.0.0, Platform Windows-10-10.0.19045-SP0
2024-10-11 14:39:40 [scrapy.addons] INFO: Enabled addons:
[]
2024-10-11 14:39:40 [scrapy.extensions.telnet] INFO: Telnet Password: 01804eda14a4c114
2024-10-11 14:39:40 [scrapy.middleware] INFO: Enabled extensions:
['scrapy.extensions.corestats.CoreStats',
 'scrapy.extensions.telnet.TelnetConsole',
 'scrapy.extensions.logstats.LogStats',
 'scrapy.extensions.throttle.AutoThrottle']
2024-10-11 14:39:40 [scrapy.crawler] INFO: Overridden settings:
{'AUTOTHROTTLE_ENABLED': True,
 'BOT_NAME': 'mma_scraper',
 'FEED_EXPORT_ENCODING': 'utf-8',
 'LOG_FILE': 'scrapy.log',
 'LOG_LEVEL': 'INFO',
 'NEWSPIDER_MODULE': 'mma_scraper.spiders',
 'REQUEST_FINGERPRINTER_IMPLEMENTATION': '2.7',
 'ROBOTSTXT_OBEY': True,
 'SPIDER_MODULES': ['mma_scraper.spiders'],
 'TWISTED_REACTOR': 'twisted.internet.asyncioreactor.AsyncioSelectorReactor'}
2024-10-11 14:39:40 [scrapy.middleware] INFO: Enabled downloader middlewares:
['scrapy.downloadermiddlewares.robotstxt.RobotsTxtMiddleware',
 'scrapy.downloadermiddlewares.httpauth.HttpAuthMiddleware',
 'scrapy.downloadermiddlewares.downloadtimeout.DownloadTimeoutMiddleware',
 'scrapy.downloadermiddlewares.defaultheaders.DefaultHeadersMiddleware',
 'scrapy.downloadermiddlewares.useragent.UserAgentMiddleware',
 'scrapy.downloadermiddlewares.retry.RetryMiddleware',
 'scrapy.downloadermiddlewares.redirect.MetaRefreshMiddleware',
 'scrapy.downloadermiddlewares.httpcompression.HttpCompressionMiddleware',
 'scrapy.downloadermiddlewares.redirect.RedirectMiddleware',
 'scrapy.downloadermiddlewares.cookies.CookiesMiddleware',
 'scrapy.downloadermiddlewares.httpproxy.HttpProxyMiddleware',
 'scrapy.downloadermiddlewares.stats.DownloaderStats']
2024-10-11 14:39:40 [scrapy.middleware] INFO: Enabled spider middlewares:
['scrapy.spidermiddlewares.httperror.HttpErrorMiddleware',
 'scrapy.spidermiddlewares.offsite.OffsiteMiddleware',
 'scrapy.spidermiddlewares.referer.RefererMiddleware',
 'scrapy.spidermiddlewares.urllength.UrlLengthMiddleware',
 'scrapy.spidermiddlewares.depth.DepthMiddleware']
2024-10-11 14:39:40 [twisted] CRITICAL: Unhandled error in Deferred:
2024-10-11 14:39:40 [twisted] CRITICAL: 
Traceback (most recent call last):
  File "C:\Users\Teddy\anaconda3\envs\mma_elo_engine\lib\site-packages\twisted\internet\defer.py", line 2000, in _inlineCallbacks
    result = context.run(gen.send, result)
  File "C:\Users\Teddy\anaconda3\envs\mma_elo_engine\lib\site-packages\scrapy\crawler.py", line 158, in crawl
    self.engine = self._create_engine()
  File "C:\Users\Teddy\anaconda3\envs\mma_elo_engine\lib\site-packages\scrapy\crawler.py", line 172, in _create_engine
    return ExecutionEngine(self, lambda _: self.stop())
  File "C:\Users\Teddy\anaconda3\envs\mma_elo_engine\lib\site-packages\scrapy\core\engine.py", line 100, in __init__
    self.scraper = Scraper(crawler)
  File "C:\Users\Teddy\anaconda3\envs\mma_elo_engine\lib\site-packages\scrapy\core\scraper.py", line 109, in __init__
    self.itemproc: ItemPipelineManager = itemproc_cls.from_crawler(crawler)
  File "C:\Users\Teddy\anaconda3\envs\mma_elo_engine\lib\site-packages\scrapy\middleware.py", line 90, in from_crawler
    return cls.from_settings(crawler.settings, crawler)
  File "C:\Users\Teddy\anaconda3\envs\mma_elo_engine\lib\site-packages\scrapy\middleware.py", line 66, in from_settings
    mwcls = load_object(clspath)
  File "C:\Users\Teddy\anaconda3\envs\mma_elo_engine\lib\site-packages\scrapy\utils\misc.py", line 79, in load_object
    mod = import_module(module)
  File "C:\Users\Teddy\anaconda3\envs\mma_elo_engine\lib\importlib\__init__.py", line 126, in import_module
    return _bootstrap._gcd_import(name[level:], package, level)
  File "<frozen importlib._bootstrap>", line 1050, in _gcd_import
  File "<frozen importlib._bootstrap>", line 1027, in _find_and_load
  File "<frozen importlib._bootstrap>", line 1006, in _find_and_load_unlocked
  File "<frozen importlib._bootstrap>", line 688, in _load_unlocked
  File "<frozen importlib._bootstrap_external>", line 883, in exec_module
  File "<frozen importlib._bootstrap>", line 241, in _call_with_frames_removed
  File "C:\Users\Teddy\Documents\Projects\mma-elo-engine\mma-elo-engine-py\backend\app\mma_scraper\mma_scraper\pipelines.py", line 16, in <module>
    from models import Fighter, Fight, Event, EloRecord
  File "C:\Users\Teddy\Documents\Projects\mma-elo-engine\mma-elo-engine-py\backend\app\models.py", line 3, in <module>
    from .database import Base
ImportError: attempted relative import with no known parent package
2024-10-11 14:40:27 [scrapy.utils.log] INFO: Scrapy 2.11.1 started (bot: mma_scraper)
2024-10-11 14:40:27 [scrapy.utils.log] INFO: Versions: lxml 5.3.0.0, libxml2 2.11.7, cssselect 1.2.0, parsel 1.8.1, w3lib 2.1.2, Twisted 23.10.0, Python 3.10.15 | packaged by Anaconda, Inc. | (main, Oct  3 2024, 07:22:19) [MSC v.1929 64 bit (AMD64)], pyOpenSSL 24.2.1 (OpenSSL 3.0.15 3 Sep 2024), cryptography 43.0.0, Platform Windows-10-10.0.19045-SP0
2024-10-11 14:40:27 [scrapy.addons] INFO: Enabled addons:
[]
2024-10-11 14:40:27 [scrapy.extensions.telnet] INFO: Telnet Password: b59205e753c150a7
2024-10-11 14:40:27 [scrapy.middleware] INFO: Enabled extensions:
['scrapy.extensions.corestats.CoreStats',
 'scrapy.extensions.telnet.TelnetConsole',
 'scrapy.extensions.logstats.LogStats',
 'scrapy.extensions.throttle.AutoThrottle']
2024-10-11 14:40:27 [scrapy.crawler] INFO: Overridden settings:
{'AUTOTHROTTLE_ENABLED': True,
 'BOT_NAME': 'mma_scraper',
 'FEED_EXPORT_ENCODING': 'utf-8',
 'LOG_FILE': 'scrapy.log',
 'LOG_LEVEL': 'INFO',
 'NEWSPIDER_MODULE': 'mma_scraper.spiders',
 'REQUEST_FINGERPRINTER_IMPLEMENTATION': '2.7',
 'ROBOTSTXT_OBEY': True,
 'SPIDER_MODULES': ['mma_scraper.spiders'],
 'TWISTED_REACTOR': 'twisted.internet.asyncioreactor.AsyncioSelectorReactor'}
2024-10-11 14:40:27 [scrapy.middleware] INFO: Enabled downloader middlewares:
['scrapy.downloadermiddlewares.robotstxt.RobotsTxtMiddleware',
 'scrapy.downloadermiddlewares.httpauth.HttpAuthMiddleware',
 'scrapy.downloadermiddlewares.downloadtimeout.DownloadTimeoutMiddleware',
 'scrapy.downloadermiddlewares.defaultheaders.DefaultHeadersMiddleware',
 'scrapy.downloadermiddlewares.useragent.UserAgentMiddleware',
 'scrapy.downloadermiddlewares.retry.RetryMiddleware',
 'scrapy.downloadermiddlewares.redirect.MetaRefreshMiddleware',
 'scrapy.downloadermiddlewares.httpcompression.HttpCompressionMiddleware',
 'scrapy.downloadermiddlewares.redirect.RedirectMiddleware',
 'scrapy.downloadermiddlewares.cookies.CookiesMiddleware',
 'scrapy.downloadermiddlewares.httpproxy.HttpProxyMiddleware',
 'scrapy.downloadermiddlewares.stats.DownloaderStats']
2024-10-11 14:40:27 [scrapy.middleware] INFO: Enabled spider middlewares:
['scrapy.spidermiddlewares.httperror.HttpErrorMiddleware',
 'scrapy.spidermiddlewares.offsite.OffsiteMiddleware',
 'scrapy.spidermiddlewares.referer.RefererMiddleware',
 'scrapy.spidermiddlewares.urllength.UrlLengthMiddleware',
 'scrapy.spidermiddlewares.depth.DepthMiddleware']
2024-10-11 14:40:27 [twisted] CRITICAL: Unhandled error in Deferred:
2024-10-11 14:40:27 [twisted] CRITICAL: 
Traceback (most recent call last):
  File "C:\Users\Teddy\anaconda3\envs\mma_elo_engine\lib\site-packages\twisted\internet\defer.py", line 2000, in _inlineCallbacks
    result = context.run(gen.send, result)
  File "C:\Users\Teddy\anaconda3\envs\mma_elo_engine\lib\site-packages\scrapy\crawler.py", line 158, in crawl
    self.engine = self._create_engine()
  File "C:\Users\Teddy\anaconda3\envs\mma_elo_engine\lib\site-packages\scrapy\crawler.py", line 172, in _create_engine
    return ExecutionEngine(self, lambda _: self.stop())
  File "C:\Users\Teddy\anaconda3\envs\mma_elo_engine\lib\site-packages\scrapy\core\engine.py", line 100, in __init__
    self.scraper = Scraper(crawler)
  File "C:\Users\Teddy\anaconda3\envs\mma_elo_engine\lib\site-packages\scrapy\core\scraper.py", line 109, in __init__
    self.itemproc: ItemPipelineManager = itemproc_cls.from_crawler(crawler)
  File "C:\Users\Teddy\anaconda3\envs\mma_elo_engine\lib\site-packages\scrapy\middleware.py", line 90, in from_crawler
    return cls.from_settings(crawler.settings, crawler)
  File "C:\Users\Teddy\anaconda3\envs\mma_elo_engine\lib\site-packages\scrapy\middleware.py", line 66, in from_settings
    mwcls = load_object(clspath)
  File "C:\Users\Teddy\anaconda3\envs\mma_elo_engine\lib\site-packages\scrapy\utils\misc.py", line 79, in load_object
    mod = import_module(module)
  File "C:\Users\Teddy\anaconda3\envs\mma_elo_engine\lib\importlib\__init__.py", line 126, in import_module
    return _bootstrap._gcd_import(name[level:], package, level)
  File "<frozen importlib._bootstrap>", line 1050, in _gcd_import
  File "<frozen importlib._bootstrap>", line 1027, in _find_and_load
  File "<frozen importlib._bootstrap>", line 1006, in _find_and_load_unlocked
  File "<frozen importlib._bootstrap>", line 688, in _load_unlocked
  File "<frozen importlib._bootstrap_external>", line 883, in exec_module
  File "<frozen importlib._bootstrap>", line 241, in _call_with_frames_removed
  File "C:\Users\Teddy\Documents\Projects\mma-elo-engine\mma-elo-engine-py\backend\app\mma_scraper\mma_scraper\pipelines.py", line 16, in <module>
    from models import Fighter, Fight, Event, EloRecord
  File "C:\Users\Teddy\Documents\Projects\mma-elo-engine\mma-elo-engine-py\backend\app\models.py", line 3, in <module>
    from .database import Base
ImportError: attempted relative import with no known parent package
2024-10-11 14:41:28 [scrapy.utils.log] INFO: Scrapy 2.11.1 started (bot: mma_scraper)
2024-10-11 14:41:28 [scrapy.utils.log] INFO: Versions: lxml 5.3.0.0, libxml2 2.11.7, cssselect 1.2.0, parsel 1.8.1, w3lib 2.1.2, Twisted 23.10.0, Python 3.10.15 | packaged by Anaconda, Inc. | (main, Oct  3 2024, 07:22:19) [MSC v.1929 64 bit (AMD64)], pyOpenSSL 24.2.1 (OpenSSL 3.0.15 3 Sep 2024), cryptography 43.0.0, Platform Windows-10-10.0.19045-SP0
2024-10-11 14:41:28 [scrapy.addons] INFO: Enabled addons:
[]
2024-10-11 14:41:28 [scrapy.extensions.telnet] INFO: Telnet Password: 0b41bfbd7377bb7e
2024-10-11 14:41:28 [scrapy.middleware] INFO: Enabled extensions:
['scrapy.extensions.corestats.CoreStats',
 'scrapy.extensions.telnet.TelnetConsole',
 'scrapy.extensions.logstats.LogStats',
 'scrapy.extensions.throttle.AutoThrottle']
2024-10-11 14:41:28 [scrapy.crawler] INFO: Overridden settings:
{'AUTOTHROTTLE_ENABLED': True,
 'BOT_NAME': 'mma_scraper',
 'FEED_EXPORT_ENCODING': 'utf-8',
 'LOG_FILE': 'scrapy.log',
 'LOG_LEVEL': 'INFO',
 'NEWSPIDER_MODULE': 'mma_scraper.spiders',
 'REQUEST_FINGERPRINTER_IMPLEMENTATION': '2.7',
 'ROBOTSTXT_OBEY': True,
 'SPIDER_MODULES': ['mma_scraper.spiders'],
 'TWISTED_REACTOR': 'twisted.internet.asyncioreactor.AsyncioSelectorReactor'}
2024-10-11 14:41:28 [scrapy.middleware] INFO: Enabled downloader middlewares:
['scrapy.downloadermiddlewares.robotstxt.RobotsTxtMiddleware',
 'scrapy.downloadermiddlewares.httpauth.HttpAuthMiddleware',
 'scrapy.downloadermiddlewares.downloadtimeout.DownloadTimeoutMiddleware',
 'scrapy.downloadermiddlewares.defaultheaders.DefaultHeadersMiddleware',
 'scrapy.downloadermiddlewares.useragent.UserAgentMiddleware',
 'scrapy.downloadermiddlewares.retry.RetryMiddleware',
 'scrapy.downloadermiddlewares.redirect.MetaRefreshMiddleware',
 'scrapy.downloadermiddlewares.httpcompression.HttpCompressionMiddleware',
 'scrapy.downloadermiddlewares.redirect.RedirectMiddleware',
 'scrapy.downloadermiddlewares.cookies.CookiesMiddleware',
 'scrapy.downloadermiddlewares.httpproxy.HttpProxyMiddleware',
 'scrapy.downloadermiddlewares.stats.DownloaderStats']
2024-10-11 14:41:28 [scrapy.middleware] INFO: Enabled spider middlewares:
['scrapy.spidermiddlewares.httperror.HttpErrorMiddleware',
 'scrapy.spidermiddlewares.offsite.OffsiteMiddleware',
 'scrapy.spidermiddlewares.referer.RefererMiddleware',
 'scrapy.spidermiddlewares.urllength.UrlLengthMiddleware',
 'scrapy.spidermiddlewares.depth.DepthMiddleware']
2024-10-11 14:41:28 [twisted] CRITICAL: Unhandled error in Deferred:
2024-10-11 14:41:28 [twisted] CRITICAL: 
Traceback (most recent call last):
  File "C:\Users\Teddy\anaconda3\envs\mma_elo_engine\lib\site-packages\twisted\internet\defer.py", line 2000, in _inlineCallbacks
    result = context.run(gen.send, result)
  File "C:\Users\Teddy\anaconda3\envs\mma_elo_engine\lib\site-packages\scrapy\crawler.py", line 158, in crawl
    self.engine = self._create_engine()
  File "C:\Users\Teddy\anaconda3\envs\mma_elo_engine\lib\site-packages\scrapy\crawler.py", line 172, in _create_engine
    return ExecutionEngine(self, lambda _: self.stop())
  File "C:\Users\Teddy\anaconda3\envs\mma_elo_engine\lib\site-packages\scrapy\core\engine.py", line 100, in __init__
    self.scraper = Scraper(crawler)
  File "C:\Users\Teddy\anaconda3\envs\mma_elo_engine\lib\site-packages\scrapy\core\scraper.py", line 109, in __init__
    self.itemproc: ItemPipelineManager = itemproc_cls.from_crawler(crawler)
  File "C:\Users\Teddy\anaconda3\envs\mma_elo_engine\lib\site-packages\scrapy\middleware.py", line 90, in from_crawler
    return cls.from_settings(crawler.settings, crawler)
  File "C:\Users\Teddy\anaconda3\envs\mma_elo_engine\lib\site-packages\scrapy\middleware.py", line 66, in from_settings
    mwcls = load_object(clspath)
  File "C:\Users\Teddy\anaconda3\envs\mma_elo_engine\lib\site-packages\scrapy\utils\misc.py", line 79, in load_object
    mod = import_module(module)
  File "C:\Users\Teddy\anaconda3\envs\mma_elo_engine\lib\importlib\__init__.py", line 126, in import_module
    return _bootstrap._gcd_import(name[level:], package, level)
  File "<frozen importlib._bootstrap>", line 1050, in _gcd_import
  File "<frozen importlib._bootstrap>", line 1027, in _find_and_load
  File "<frozen importlib._bootstrap>", line 1006, in _find_and_load_unlocked
  File "<frozen importlib._bootstrap>", line 688, in _load_unlocked
  File "<frozen importlib._bootstrap_external>", line 883, in exec_module
  File "<frozen importlib._bootstrap>", line 241, in _call_with_frames_removed
  File "C:\Users\Teddy\Documents\Projects\mma-elo-engine\mma-elo-engine-py\backend\app\mma_scraper\mma_scraper\pipelines.py", line 16, in <module>
    from models import Fighter, Fight, Event, EloRecord
  File "C:\Users\Teddy\Documents\Projects\mma-elo-engine\mma-elo-engine-py\backend\app\models.py", line 3, in <module>
    from backend.app.database import Base
ModuleNotFoundError: No module named 'backend'
2024-10-11 14:41:35 [scrapy.utils.log] INFO: Scrapy 2.11.1 started (bot: mma_scraper)
2024-10-11 14:41:35 [scrapy.utils.log] INFO: Versions: lxml 5.3.0.0, libxml2 2.11.7, cssselect 1.2.0, parsel 1.8.1, w3lib 2.1.2, Twisted 23.10.0, Python 3.10.15 | packaged by Anaconda, Inc. | (main, Oct  3 2024, 07:22:19) [MSC v.1929 64 bit (AMD64)], pyOpenSSL 24.2.1 (OpenSSL 3.0.15 3 Sep 2024), cryptography 43.0.0, Platform Windows-10-10.0.19045-SP0
2024-10-11 14:41:35 [scrapy.addons] INFO: Enabled addons:
[]
2024-10-11 14:41:35 [scrapy.extensions.telnet] INFO: Telnet Password: 00f6fd65a68580f9
2024-10-11 14:41:35 [scrapy.middleware] INFO: Enabled extensions:
['scrapy.extensions.corestats.CoreStats',
 'scrapy.extensions.telnet.TelnetConsole',
 'scrapy.extensions.logstats.LogStats',
 'scrapy.extensions.throttle.AutoThrottle']
2024-10-11 14:41:35 [scrapy.crawler] INFO: Overridden settings:
{'AUTOTHROTTLE_ENABLED': True,
 'BOT_NAME': 'mma_scraper',
 'FEED_EXPORT_ENCODING': 'utf-8',
 'LOG_FILE': 'scrapy.log',
 'LOG_LEVEL': 'INFO',
 'NEWSPIDER_MODULE': 'mma_scraper.spiders',
 'REQUEST_FINGERPRINTER_IMPLEMENTATION': '2.7',
 'ROBOTSTXT_OBEY': True,
 'SPIDER_MODULES': ['mma_scraper.spiders'],
 'TWISTED_REACTOR': 'twisted.internet.asyncioreactor.AsyncioSelectorReactor'}
2024-10-11 14:41:35 [scrapy.middleware] INFO: Enabled downloader middlewares:
['scrapy.downloadermiddlewares.robotstxt.RobotsTxtMiddleware',
 'scrapy.downloadermiddlewares.httpauth.HttpAuthMiddleware',
 'scrapy.downloadermiddlewares.downloadtimeout.DownloadTimeoutMiddleware',
 'scrapy.downloadermiddlewares.defaultheaders.DefaultHeadersMiddleware',
 'scrapy.downloadermiddlewares.useragent.UserAgentMiddleware',
 'scrapy.downloadermiddlewares.retry.RetryMiddleware',
 'scrapy.downloadermiddlewares.redirect.MetaRefreshMiddleware',
 'scrapy.downloadermiddlewares.httpcompression.HttpCompressionMiddleware',
 'scrapy.downloadermiddlewares.redirect.RedirectMiddleware',
 'scrapy.downloadermiddlewares.cookies.CookiesMiddleware',
 'scrapy.downloadermiddlewares.httpproxy.HttpProxyMiddleware',
 'scrapy.downloadermiddlewares.stats.DownloaderStats']
2024-10-11 14:41:35 [scrapy.middleware] INFO: Enabled spider middlewares:
['scrapy.spidermiddlewares.httperror.HttpErrorMiddleware',
 'scrapy.spidermiddlewares.offsite.OffsiteMiddleware',
 'scrapy.spidermiddlewares.referer.RefererMiddleware',
 'scrapy.spidermiddlewares.urllength.UrlLengthMiddleware',
 'scrapy.spidermiddlewares.depth.DepthMiddleware']
2024-10-11 14:41:36 [twisted] CRITICAL: Unhandled error in Deferred:
2024-10-11 14:41:36 [twisted] CRITICAL: 
Traceback (most recent call last):
  File "C:\Users\Teddy\anaconda3\envs\mma_elo_engine\lib\site-packages\twisted\internet\defer.py", line 2000, in _inlineCallbacks
    result = context.run(gen.send, result)
  File "C:\Users\Teddy\anaconda3\envs\mma_elo_engine\lib\site-packages\scrapy\crawler.py", line 158, in crawl
    self.engine = self._create_engine()
  File "C:\Users\Teddy\anaconda3\envs\mma_elo_engine\lib\site-packages\scrapy\crawler.py", line 172, in _create_engine
    return ExecutionEngine(self, lambda _: self.stop())
  File "C:\Users\Teddy\anaconda3\envs\mma_elo_engine\lib\site-packages\scrapy\core\engine.py", line 100, in __init__
    self.scraper = Scraper(crawler)
  File "C:\Users\Teddy\anaconda3\envs\mma_elo_engine\lib\site-packages\scrapy\core\scraper.py", line 109, in __init__
    self.itemproc: ItemPipelineManager = itemproc_cls.from_crawler(crawler)
  File "C:\Users\Teddy\anaconda3\envs\mma_elo_engine\lib\site-packages\scrapy\middleware.py", line 90, in from_crawler
    return cls.from_settings(crawler.settings, crawler)
  File "C:\Users\Teddy\anaconda3\envs\mma_elo_engine\lib\site-packages\scrapy\middleware.py", line 66, in from_settings
    mwcls = load_object(clspath)
  File "C:\Users\Teddy\anaconda3\envs\mma_elo_engine\lib\site-packages\scrapy\utils\misc.py", line 79, in load_object
    mod = import_module(module)
  File "C:\Users\Teddy\anaconda3\envs\mma_elo_engine\lib\importlib\__init__.py", line 126, in import_module
    return _bootstrap._gcd_import(name[level:], package, level)
  File "<frozen importlib._bootstrap>", line 1050, in _gcd_import
  File "<frozen importlib._bootstrap>", line 1027, in _find_and_load
  File "<frozen importlib._bootstrap>", line 1006, in _find_and_load_unlocked
  File "<frozen importlib._bootstrap>", line 688, in _load_unlocked
  File "<frozen importlib._bootstrap_external>", line 883, in exec_module
  File "<frozen importlib._bootstrap>", line 241, in _call_with_frames_removed
  File "C:\Users\Teddy\Documents\Projects\mma-elo-engine\mma-elo-engine-py\backend\app\mma_scraper\mma_scraper\pipelines.py", line 16, in <module>
    from models import Fighter, Fight, Event, EloRecord
  File "C:\Users\Teddy\Documents\Projects\mma-elo-engine\mma-elo-engine-py\backend\app\models.py", line 3, in <module>
    from app.database import Base
ModuleNotFoundError: No module named 'app'
2024-10-11 14:46:49 [scrapy.utils.log] INFO: Scrapy 2.11.1 started (bot: mma_scraper)
2024-10-11 14:46:49 [scrapy.utils.log] INFO: Versions: lxml 5.3.0.0, libxml2 2.11.7, cssselect 1.2.0, parsel 1.8.1, w3lib 2.1.2, Twisted 23.10.0, Python 3.10.15 | packaged by Anaconda, Inc. | (main, Oct  3 2024, 07:22:19) [MSC v.1929 64 bit (AMD64)], pyOpenSSL 24.2.1 (OpenSSL 3.0.15 3 Sep 2024), cryptography 43.0.0, Platform Windows-10-10.0.19045-SP0
2024-10-11 14:46:49 [scrapy.addons] INFO: Enabled addons:
[]
2024-10-11 14:46:49 [scrapy.extensions.telnet] INFO: Telnet Password: 0ba64d50032aee9c
2024-10-11 14:46:49 [scrapy.middleware] INFO: Enabled extensions:
['scrapy.extensions.corestats.CoreStats',
 'scrapy.extensions.telnet.TelnetConsole',
 'scrapy.extensions.logstats.LogStats',
 'scrapy.extensions.throttle.AutoThrottle']
2024-10-11 14:46:49 [scrapy.crawler] INFO: Overridden settings:
{'AUTOTHROTTLE_ENABLED': True,
 'BOT_NAME': 'mma_scraper',
 'COOKIES_ENABLED': False,
 'FEED_EXPORT_ENCODING': 'utf-8',
 'LOG_FILE': 'scrapy.log',
 'LOG_LEVEL': 'INFO',
 'NEWSPIDER_MODULE': 'mma_scraper.spiders',
 'REQUEST_FINGERPRINTER_IMPLEMENTATION': '2.7',
 'ROBOTSTXT_OBEY': True,
 'SPIDER_MODULES': ['mma_scraper.spiders'],
 'TWISTED_REACTOR': 'twisted.internet.asyncioreactor.AsyncioSelectorReactor'}
2024-10-11 14:46:50 [scrapy.middleware] INFO: Enabled downloader middlewares:
['scrapy.downloadermiddlewares.robotstxt.RobotsTxtMiddleware',
 'scrapy.downloadermiddlewares.httpauth.HttpAuthMiddleware',
 'scrapy.downloadermiddlewares.downloadtimeout.DownloadTimeoutMiddleware',
 'scrapy.downloadermiddlewares.defaultheaders.DefaultHeadersMiddleware',
 'scrapy.downloadermiddlewares.useragent.UserAgentMiddleware',
 'scrapy.downloadermiddlewares.retry.RetryMiddleware',
 'scrapy.downloadermiddlewares.redirect.MetaRefreshMiddleware',
 'scrapy.downloadermiddlewares.httpcompression.HttpCompressionMiddleware',
 'scrapy.downloadermiddlewares.redirect.RedirectMiddleware',
 'scrapy.downloadermiddlewares.httpproxy.HttpProxyMiddleware',
 'scrapy.downloadermiddlewares.stats.DownloaderStats']
2024-10-11 14:46:50 [scrapy.middleware] INFO: Enabled spider middlewares:
['scrapy.spidermiddlewares.httperror.HttpErrorMiddleware',
 'scrapy.spidermiddlewares.offsite.OffsiteMiddleware',
 'scrapy.spidermiddlewares.referer.RefererMiddleware',
 'scrapy.spidermiddlewares.urllength.UrlLengthMiddleware',
 'scrapy.spidermiddlewares.depth.DepthMiddleware']
2024-10-11 14:46:50 [twisted] CRITICAL: Unhandled error in Deferred:
2024-10-11 14:46:50 [twisted] CRITICAL: 
Traceback (most recent call last):
  File "C:\Users\Teddy\anaconda3\envs\mma_elo_engine\lib\site-packages\twisted\internet\defer.py", line 2000, in _inlineCallbacks
    result = context.run(gen.send, result)
  File "C:\Users\Teddy\anaconda3\envs\mma_elo_engine\lib\site-packages\scrapy\crawler.py", line 158, in crawl
    self.engine = self._create_engine()
  File "C:\Users\Teddy\anaconda3\envs\mma_elo_engine\lib\site-packages\scrapy\crawler.py", line 172, in _create_engine
    return ExecutionEngine(self, lambda _: self.stop())
  File "C:\Users\Teddy\anaconda3\envs\mma_elo_engine\lib\site-packages\scrapy\core\engine.py", line 100, in __init__
    self.scraper = Scraper(crawler)
  File "C:\Users\Teddy\anaconda3\envs\mma_elo_engine\lib\site-packages\scrapy\core\scraper.py", line 109, in __init__
    self.itemproc: ItemPipelineManager = itemproc_cls.from_crawler(crawler)
  File "C:\Users\Teddy\anaconda3\envs\mma_elo_engine\lib\site-packages\scrapy\middleware.py", line 90, in from_crawler
    return cls.from_settings(crawler.settings, crawler)
  File "C:\Users\Teddy\anaconda3\envs\mma_elo_engine\lib\site-packages\scrapy\middleware.py", line 66, in from_settings
    mwcls = load_object(clspath)
  File "C:\Users\Teddy\anaconda3\envs\mma_elo_engine\lib\site-packages\scrapy\utils\misc.py", line 79, in load_object
    mod = import_module(module)
  File "C:\Users\Teddy\anaconda3\envs\mma_elo_engine\lib\importlib\__init__.py", line 126, in import_module
    return _bootstrap._gcd_import(name[level:], package, level)
  File "<frozen importlib._bootstrap>", line 1050, in _gcd_import
  File "<frozen importlib._bootstrap>", line 1027, in _find_and_load
  File "<frozen importlib._bootstrap>", line 1006, in _find_and_load_unlocked
  File "<frozen importlib._bootstrap>", line 688, in _load_unlocked
  File "<frozen importlib._bootstrap_external>", line 883, in exec_module
  File "<frozen importlib._bootstrap>", line 241, in _call_with_frames_removed
  File "C:\Users\Teddy\Documents\Projects\mma-elo-engine\mma-elo-engine-py\backend\app\mma_scraper\mma_scraper\pipelines.py", line 16, in <module>
    from app.models import Fighter, Fight, Event, EloRecord
ModuleNotFoundError: No module named 'app'
2024-10-11 14:49:28 [scrapy.utils.log] INFO: Scrapy 2.11.1 started (bot: mma_scraper)
2024-10-11 14:49:28 [scrapy.utils.log] INFO: Versions: lxml 5.3.0.0, libxml2 2.11.7, cssselect 1.2.0, parsel 1.8.1, w3lib 2.1.2, Twisted 23.10.0, Python 3.10.15 | packaged by Anaconda, Inc. | (main, Oct  3 2024, 07:22:19) [MSC v.1929 64 bit (AMD64)], pyOpenSSL 24.2.1 (OpenSSL 3.0.15 3 Sep 2024), cryptography 43.0.0, Platform Windows-10-10.0.19045-SP0
2024-10-11 14:49:28 [scrapy.addons] INFO: Enabled addons:
[]
2024-10-11 14:49:28 [scrapy.extensions.telnet] INFO: Telnet Password: 29a99a2b6408d806
2024-10-11 14:49:28 [scrapy.middleware] INFO: Enabled extensions:
['scrapy.extensions.corestats.CoreStats',
 'scrapy.extensions.telnet.TelnetConsole',
 'scrapy.extensions.logstats.LogStats',
 'scrapy.extensions.throttle.AutoThrottle']
2024-10-11 14:49:28 [scrapy.crawler] INFO: Overridden settings:
{'AUTOTHROTTLE_ENABLED': True,
 'BOT_NAME': 'mma_scraper',
 'COOKIES_ENABLED': False,
 'FEED_EXPORT_ENCODING': 'utf-8',
 'LOG_FILE': 'scrapy.log',
 'LOG_LEVEL': 'INFO',
 'NEWSPIDER_MODULE': 'mma_scraper.spiders',
 'REQUEST_FINGERPRINTER_IMPLEMENTATION': '2.7',
 'ROBOTSTXT_OBEY': True,
 'SPIDER_MODULES': ['mma_scraper.spiders'],
 'TWISTED_REACTOR': 'twisted.internet.asyncioreactor.AsyncioSelectorReactor'}
2024-10-11 14:49:29 [scrapy.middleware] INFO: Enabled downloader middlewares:
['scrapy.downloadermiddlewares.robotstxt.RobotsTxtMiddleware',
 'scrapy.downloadermiddlewares.httpauth.HttpAuthMiddleware',
 'scrapy.downloadermiddlewares.downloadtimeout.DownloadTimeoutMiddleware',
 'scrapy.downloadermiddlewares.defaultheaders.DefaultHeadersMiddleware',
 'scrapy.downloadermiddlewares.useragent.UserAgentMiddleware',
 'scrapy.downloadermiddlewares.retry.RetryMiddleware',
 'scrapy.downloadermiddlewares.redirect.MetaRefreshMiddleware',
 'scrapy.downloadermiddlewares.httpcompression.HttpCompressionMiddleware',
 'scrapy.downloadermiddlewares.redirect.RedirectMiddleware',
 'scrapy.downloadermiddlewares.httpproxy.HttpProxyMiddleware',
 'scrapy.downloadermiddlewares.stats.DownloaderStats']
2024-10-11 14:49:29 [scrapy.middleware] INFO: Enabled spider middlewares:
['scrapy.spidermiddlewares.httperror.HttpErrorMiddleware',
 'scrapy.spidermiddlewares.offsite.OffsiteMiddleware',
 'scrapy.spidermiddlewares.referer.RefererMiddleware',
 'scrapy.spidermiddlewares.urllength.UrlLengthMiddleware',
 'scrapy.spidermiddlewares.depth.DepthMiddleware']
2024-10-11 14:49:29 [twisted] CRITICAL: Unhandled error in Deferred:
2024-10-11 14:49:29 [twisted] CRITICAL: 
Traceback (most recent call last):
  File "C:\Users\Teddy\anaconda3\envs\mma_elo_engine\lib\site-packages\twisted\internet\defer.py", line 2000, in _inlineCallbacks
    result = context.run(gen.send, result)
  File "C:\Users\Teddy\anaconda3\envs\mma_elo_engine\lib\site-packages\scrapy\crawler.py", line 158, in crawl
    self.engine = self._create_engine()
  File "C:\Users\Teddy\anaconda3\envs\mma_elo_engine\lib\site-packages\scrapy\crawler.py", line 172, in _create_engine
    return ExecutionEngine(self, lambda _: self.stop())
  File "C:\Users\Teddy\anaconda3\envs\mma_elo_engine\lib\site-packages\scrapy\core\engine.py", line 100, in __init__
    self.scraper = Scraper(crawler)
  File "C:\Users\Teddy\anaconda3\envs\mma_elo_engine\lib\site-packages\scrapy\core\scraper.py", line 109, in __init__
    self.itemproc: ItemPipelineManager = itemproc_cls.from_crawler(crawler)
  File "C:\Users\Teddy\anaconda3\envs\mma_elo_engine\lib\site-packages\scrapy\middleware.py", line 90, in from_crawler
    return cls.from_settings(crawler.settings, crawler)
  File "C:\Users\Teddy\anaconda3\envs\mma_elo_engine\lib\site-packages\scrapy\middleware.py", line 66, in from_settings
    mwcls = load_object(clspath)
  File "C:\Users\Teddy\anaconda3\envs\mma_elo_engine\lib\site-packages\scrapy\utils\misc.py", line 79, in load_object
    mod = import_module(module)
  File "C:\Users\Teddy\anaconda3\envs\mma_elo_engine\lib\importlib\__init__.py", line 126, in import_module
    return _bootstrap._gcd_import(name[level:], package, level)
  File "<frozen importlib._bootstrap>", line 1050, in _gcd_import
  File "<frozen importlib._bootstrap>", line 1027, in _find_and_load
  File "<frozen importlib._bootstrap>", line 1006, in _find_and_load_unlocked
  File "<frozen importlib._bootstrap>", line 688, in _load_unlocked
  File "<frozen importlib._bootstrap_external>", line 883, in exec_module
  File "<frozen importlib._bootstrap>", line 241, in _call_with_frames_removed
  File "C:\Users\Teddy\Documents\Projects\mma-elo-engine\mma-elo-engine-py\backend\app\mma_scraper\mma_scraper\pipelines.py", line 16, in <module>
    from app.models import Fighter, Fight, Event, EloRecord
ModuleNotFoundError: No module named 'app'
2024-10-11 14:51:25 [scrapy.utils.log] INFO: Scrapy 2.11.1 started (bot: mma_scraper)
2024-10-11 14:51:25 [scrapy.utils.log] INFO: Versions: lxml 5.3.0.0, libxml2 2.11.7, cssselect 1.2.0, parsel 1.8.1, w3lib 2.1.2, Twisted 23.10.0, Python 3.10.15 | packaged by Anaconda, Inc. | (main, Oct  3 2024, 07:22:19) [MSC v.1929 64 bit (AMD64)], pyOpenSSL 24.2.1 (OpenSSL 3.0.15 3 Sep 2024), cryptography 43.0.0, Platform Windows-10-10.0.19045-SP0
2024-10-11 14:51:25 [scrapy.addons] INFO: Enabled addons:
[]
2024-10-11 14:51:25 [scrapy.extensions.telnet] INFO: Telnet Password: 67e123fe985d0b8d
2024-10-11 14:51:25 [scrapy.middleware] INFO: Enabled extensions:
['scrapy.extensions.corestats.CoreStats',
 'scrapy.extensions.telnet.TelnetConsole',
 'scrapy.extensions.logstats.LogStats',
 'scrapy.extensions.throttle.AutoThrottle']
2024-10-11 14:51:25 [scrapy.crawler] INFO: Overridden settings:
{'AUTOTHROTTLE_ENABLED': True,
 'BOT_NAME': 'mma_scraper',
 'COOKIES_ENABLED': False,
 'FEED_EXPORT_ENCODING': 'utf-8',
 'LOG_FILE': 'scrapy.log',
 'LOG_LEVEL': 'INFO',
 'NEWSPIDER_MODULE': 'mma_scraper.spiders',
 'REQUEST_FINGERPRINTER_IMPLEMENTATION': '2.7',
 'ROBOTSTXT_OBEY': True,
 'SPIDER_MODULES': ['mma_scraper.spiders'],
 'TWISTED_REACTOR': 'twisted.internet.asyncioreactor.AsyncioSelectorReactor'}
2024-10-11 14:51:26 [scrapy.middleware] INFO: Enabled downloader middlewares:
['scrapy.downloadermiddlewares.robotstxt.RobotsTxtMiddleware',
 'scrapy.downloadermiddlewares.httpauth.HttpAuthMiddleware',
 'scrapy.downloadermiddlewares.downloadtimeout.DownloadTimeoutMiddleware',
 'scrapy.downloadermiddlewares.defaultheaders.DefaultHeadersMiddleware',
 'scrapy.downloadermiddlewares.useragent.UserAgentMiddleware',
 'scrapy.downloadermiddlewares.retry.RetryMiddleware',
 'scrapy.downloadermiddlewares.redirect.MetaRefreshMiddleware',
 'scrapy.downloadermiddlewares.httpcompression.HttpCompressionMiddleware',
 'scrapy.downloadermiddlewares.redirect.RedirectMiddleware',
 'scrapy.downloadermiddlewares.httpproxy.HttpProxyMiddleware',
 'scrapy.downloadermiddlewares.stats.DownloaderStats']
2024-10-11 14:51:26 [scrapy.middleware] INFO: Enabled spider middlewares:
['scrapy.spidermiddlewares.httperror.HttpErrorMiddleware',
 'scrapy.spidermiddlewares.offsite.OffsiteMiddleware',
 'scrapy.spidermiddlewares.referer.RefererMiddleware',
 'scrapy.spidermiddlewares.urllength.UrlLengthMiddleware',
 'scrapy.spidermiddlewares.depth.DepthMiddleware']
2024-10-11 14:51:26 [twisted] CRITICAL: Unhandled error in Deferred:
2024-10-11 14:51:26 [twisted] CRITICAL: 
Traceback (most recent call last):
  File "C:\Users\Teddy\anaconda3\envs\mma_elo_engine\lib\site-packages\twisted\internet\defer.py", line 2000, in _inlineCallbacks
    result = context.run(gen.send, result)
  File "C:\Users\Teddy\anaconda3\envs\mma_elo_engine\lib\site-packages\scrapy\crawler.py", line 158, in crawl
    self.engine = self._create_engine()
  File "C:\Users\Teddy\anaconda3\envs\mma_elo_engine\lib\site-packages\scrapy\crawler.py", line 172, in _create_engine
    return ExecutionEngine(self, lambda _: self.stop())
  File "C:\Users\Teddy\anaconda3\envs\mma_elo_engine\lib\site-packages\scrapy\core\engine.py", line 100, in __init__
    self.scraper = Scraper(crawler)
  File "C:\Users\Teddy\anaconda3\envs\mma_elo_engine\lib\site-packages\scrapy\core\scraper.py", line 109, in __init__
    self.itemproc: ItemPipelineManager = itemproc_cls.from_crawler(crawler)
  File "C:\Users\Teddy\anaconda3\envs\mma_elo_engine\lib\site-packages\scrapy\middleware.py", line 90, in from_crawler
    return cls.from_settings(crawler.settings, crawler)
  File "C:\Users\Teddy\anaconda3\envs\mma_elo_engine\lib\site-packages\scrapy\middleware.py", line 66, in from_settings
    mwcls = load_object(clspath)
  File "C:\Users\Teddy\anaconda3\envs\mma_elo_engine\lib\site-packages\scrapy\utils\misc.py", line 79, in load_object
    mod = import_module(module)
  File "C:\Users\Teddy\anaconda3\envs\mma_elo_engine\lib\importlib\__init__.py", line 126, in import_module
    return _bootstrap._gcd_import(name[level:], package, level)
  File "<frozen importlib._bootstrap>", line 1050, in _gcd_import
  File "<frozen importlib._bootstrap>", line 1027, in _find_and_load
  File "<frozen importlib._bootstrap>", line 1006, in _find_and_load_unlocked
  File "<frozen importlib._bootstrap>", line 688, in _load_unlocked
  File "<frozen importlib._bootstrap_external>", line 883, in exec_module
  File "<frozen importlib._bootstrap>", line 241, in _call_with_frames_removed
  File "C:\Users\Teddy\Documents\Projects\mma-elo-engine\mma-elo-engine-py\backend\app\mma_scraper\mma_scraper\pipelines.py", line 16, in <module>
    from models import Fighter, Fight, Event, EloRecord
ModuleNotFoundError: No module named 'models'
2024-10-11 14:51:51 [scrapy.utils.log] INFO: Scrapy 2.11.1 started (bot: mma_scraper)
2024-10-11 14:51:51 [scrapy.utils.log] INFO: Versions: lxml 5.3.0.0, libxml2 2.11.7, cssselect 1.2.0, parsel 1.8.1, w3lib 2.1.2, Twisted 23.10.0, Python 3.10.15 | packaged by Anaconda, Inc. | (main, Oct  3 2024, 07:22:19) [MSC v.1929 64 bit (AMD64)], pyOpenSSL 24.2.1 (OpenSSL 3.0.15 3 Sep 2024), cryptography 43.0.0, Platform Windows-10-10.0.19045-SP0
2024-10-11 14:51:51 [scrapy.addons] INFO: Enabled addons:
[]
2024-10-11 14:51:51 [scrapy.extensions.telnet] INFO: Telnet Password: 7ebe5f8beac889b6
2024-10-11 14:51:51 [scrapy.middleware] INFO: Enabled extensions:
['scrapy.extensions.corestats.CoreStats',
 'scrapy.extensions.telnet.TelnetConsole',
 'scrapy.extensions.logstats.LogStats',
 'scrapy.extensions.throttle.AutoThrottle']
2024-10-11 14:51:51 [scrapy.crawler] INFO: Overridden settings:
{'AUTOTHROTTLE_ENABLED': True,
 'BOT_NAME': 'mma_scraper',
 'COOKIES_ENABLED': False,
 'FEED_EXPORT_ENCODING': 'utf-8',
 'LOG_FILE': 'scrapy.log',
 'LOG_LEVEL': 'INFO',
 'NEWSPIDER_MODULE': 'mma_scraper.spiders',
 'REQUEST_FINGERPRINTER_IMPLEMENTATION': '2.7',
 'ROBOTSTXT_OBEY': True,
 'SPIDER_MODULES': ['mma_scraper.spiders'],
 'TWISTED_REACTOR': 'twisted.internet.asyncioreactor.AsyncioSelectorReactor'}
2024-10-11 14:51:52 [scrapy.middleware] INFO: Enabled downloader middlewares:
['scrapy.downloadermiddlewares.robotstxt.RobotsTxtMiddleware',
 'scrapy.downloadermiddlewares.httpauth.HttpAuthMiddleware',
 'scrapy.downloadermiddlewares.downloadtimeout.DownloadTimeoutMiddleware',
 'scrapy.downloadermiddlewares.defaultheaders.DefaultHeadersMiddleware',
 'scrapy.downloadermiddlewares.useragent.UserAgentMiddleware',
 'scrapy.downloadermiddlewares.retry.RetryMiddleware',
 'scrapy.downloadermiddlewares.redirect.MetaRefreshMiddleware',
 'scrapy.downloadermiddlewares.httpcompression.HttpCompressionMiddleware',
 'scrapy.downloadermiddlewares.redirect.RedirectMiddleware',
 'scrapy.downloadermiddlewares.httpproxy.HttpProxyMiddleware',
 'scrapy.downloadermiddlewares.stats.DownloaderStats']
2024-10-11 14:51:52 [scrapy.middleware] INFO: Enabled spider middlewares:
['scrapy.spidermiddlewares.httperror.HttpErrorMiddleware',
 'scrapy.spidermiddlewares.offsite.OffsiteMiddleware',
 'scrapy.spidermiddlewares.referer.RefererMiddleware',
 'scrapy.spidermiddlewares.urllength.UrlLengthMiddleware',
 'scrapy.spidermiddlewares.depth.DepthMiddleware']
2024-10-11 14:51:52 [twisted] CRITICAL: Unhandled error in Deferred:
2024-10-11 14:51:52 [twisted] CRITICAL: 
Traceback (most recent call last):
  File "C:\Users\Teddy\anaconda3\envs\mma_elo_engine\lib\site-packages\twisted\internet\defer.py", line 2000, in _inlineCallbacks
    result = context.run(gen.send, result)
  File "C:\Users\Teddy\anaconda3\envs\mma_elo_engine\lib\site-packages\scrapy\crawler.py", line 158, in crawl
    self.engine = self._create_engine()
  File "C:\Users\Teddy\anaconda3\envs\mma_elo_engine\lib\site-packages\scrapy\crawler.py", line 172, in _create_engine
    return ExecutionEngine(self, lambda _: self.stop())
  File "C:\Users\Teddy\anaconda3\envs\mma_elo_engine\lib\site-packages\scrapy\core\engine.py", line 100, in __init__
    self.scraper = Scraper(crawler)
  File "C:\Users\Teddy\anaconda3\envs\mma_elo_engine\lib\site-packages\scrapy\core\scraper.py", line 109, in __init__
    self.itemproc: ItemPipelineManager = itemproc_cls.from_crawler(crawler)
  File "C:\Users\Teddy\anaconda3\envs\mma_elo_engine\lib\site-packages\scrapy\middleware.py", line 90, in from_crawler
    return cls.from_settings(crawler.settings, crawler)
  File "C:\Users\Teddy\anaconda3\envs\mma_elo_engine\lib\site-packages\scrapy\middleware.py", line 66, in from_settings
    mwcls = load_object(clspath)
  File "C:\Users\Teddy\anaconda3\envs\mma_elo_engine\lib\site-packages\scrapy\utils\misc.py", line 79, in load_object
    mod = import_module(module)
  File "C:\Users\Teddy\anaconda3\envs\mma_elo_engine\lib\importlib\__init__.py", line 126, in import_module
    return _bootstrap._gcd_import(name[level:], package, level)
  File "<frozen importlib._bootstrap>", line 1050, in _gcd_import
  File "<frozen importlib._bootstrap>", line 1027, in _find_and_load
  File "<frozen importlib._bootstrap>", line 1006, in _find_and_load_unlocked
  File "<frozen importlib._bootstrap>", line 688, in _load_unlocked
  File "<frozen importlib._bootstrap_external>", line 883, in exec_module
  File "<frozen importlib._bootstrap>", line 241, in _call_with_frames_removed
  File "C:\Users\Teddy\Documents\Projects\mma-elo-engine\mma-elo-engine-py\backend\app\mma_scraper\mma_scraper\pipelines.py", line 16, in <module>
    from app.models import Fighter, Fight, Event, EloRecord
ModuleNotFoundError: No module named 'app'
2024-10-11 15:01:04 [scrapy.utils.log] INFO: Scrapy 2.11.1 started (bot: mma_scraper)
2024-10-11 15:01:04 [scrapy.utils.log] INFO: Versions: lxml 5.3.0.0, libxml2 2.11.7, cssselect 1.2.0, parsel 1.8.1, w3lib 2.1.2, Twisted 23.10.0, Python 3.10.15 | packaged by Anaconda, Inc. | (main, Oct  3 2024, 07:22:19) [MSC v.1929 64 bit (AMD64)], pyOpenSSL 24.2.1 (OpenSSL 3.0.15 3 Sep 2024), cryptography 43.0.0, Platform Windows-10-10.0.19045-SP0
2024-10-11 15:02:09 [scrapy.utils.log] INFO: Scrapy 2.11.1 started (bot: mma_scraper)
2024-10-11 15:02:09 [scrapy.utils.log] INFO: Versions: lxml 5.3.0.0, libxml2 2.11.7, cssselect 1.2.0, parsel 1.8.1, w3lib 2.1.2, Twisted 23.10.0, Python 3.10.15 | packaged by Anaconda, Inc. | (main, Oct  3 2024, 07:22:19) [MSC v.1929 64 bit (AMD64)], pyOpenSSL 24.2.1 (OpenSSL 3.0.15 3 Sep 2024), cryptography 43.0.0, Platform Windows-10-10.0.19045-SP0
2024-10-11 15:02:14 [scrapy.utils.log] INFO: Scrapy 2.11.1 started (bot: mma_scraper)
2024-10-11 15:02:14 [scrapy.utils.log] INFO: Versions: lxml 5.3.0.0, libxml2 2.11.7, cssselect 1.2.0, parsel 1.8.1, w3lib 2.1.2, Twisted 23.10.0, Python 3.10.15 | packaged by Anaconda, Inc. | (main, Oct  3 2024, 07:22:19) [MSC v.1929 64 bit (AMD64)], pyOpenSSL 24.2.1 (OpenSSL 3.0.15 3 Sep 2024), cryptography 43.0.0, Platform Windows-10-10.0.19045-SP0
2024-10-11 15:02:14 [scrapy.addons] INFO: Enabled addons:
[]
2024-10-11 15:02:14 [scrapy.extensions.telnet] INFO: Telnet Password: a31469f981a2fb69
2024-10-11 15:02:14 [scrapy.middleware] INFO: Enabled extensions:
['scrapy.extensions.corestats.CoreStats',
 'scrapy.extensions.telnet.TelnetConsole',
 'scrapy.extensions.logstats.LogStats',
 'scrapy.extensions.throttle.AutoThrottle']
2024-10-11 15:02:14 [scrapy.crawler] INFO: Overridden settings:
{'AUTOTHROTTLE_ENABLED': True,
 'BOT_NAME': 'mma_scraper',
 'COOKIES_ENABLED': False,
 'FEED_EXPORT_ENCODING': 'utf-8',
 'LOG_FILE': 'scrapy.log',
 'LOG_LEVEL': 'INFO',
 'NEWSPIDER_MODULE': 'mma_scraper.spiders',
 'REQUEST_FINGERPRINTER_IMPLEMENTATION': '2.7',
 'ROBOTSTXT_OBEY': True,
 'SPIDER_MODULES': ['mma_scraper.spiders'],
 'TWISTED_REACTOR': 'twisted.internet.asyncioreactor.AsyncioSelectorReactor'}
2024-10-11 15:02:15 [scrapy.middleware] INFO: Enabled downloader middlewares:
['scrapy.downloadermiddlewares.robotstxt.RobotsTxtMiddleware',
 'scrapy.downloadermiddlewares.httpauth.HttpAuthMiddleware',
 'scrapy.downloadermiddlewares.downloadtimeout.DownloadTimeoutMiddleware',
 'scrapy.downloadermiddlewares.defaultheaders.DefaultHeadersMiddleware',
 'scrapy.downloadermiddlewares.useragent.UserAgentMiddleware',
 'scrapy.downloadermiddlewares.retry.RetryMiddleware',
 'scrapy.downloadermiddlewares.redirect.MetaRefreshMiddleware',
 'scrapy.downloadermiddlewares.httpcompression.HttpCompressionMiddleware',
 'scrapy.downloadermiddlewares.redirect.RedirectMiddleware',
 'scrapy.downloadermiddlewares.httpproxy.HttpProxyMiddleware',
 'scrapy.downloadermiddlewares.stats.DownloaderStats']
2024-10-11 15:02:15 [scrapy.middleware] INFO: Enabled spider middlewares:
['scrapy.spidermiddlewares.httperror.HttpErrorMiddleware',
 'scrapy.spidermiddlewares.offsite.OffsiteMiddleware',
 'scrapy.spidermiddlewares.referer.RefererMiddleware',
 'scrapy.spidermiddlewares.urllength.UrlLengthMiddleware',
 'scrapy.spidermiddlewares.depth.DepthMiddleware']
2024-10-11 15:02:15 [twisted] CRITICAL: Unhandled error in Deferred:
2024-10-11 15:02:15 [twisted] CRITICAL: 
Traceback (most recent call last):
  File "C:\Users\Teddy\anaconda3\envs\mma_elo_engine\lib\site-packages\twisted\internet\defer.py", line 2000, in _inlineCallbacks
    result = context.run(gen.send, result)
  File "C:\Users\Teddy\anaconda3\envs\mma_elo_engine\lib\site-packages\scrapy\crawler.py", line 158, in crawl
    self.engine = self._create_engine()
  File "C:\Users\Teddy\anaconda3\envs\mma_elo_engine\lib\site-packages\scrapy\crawler.py", line 172, in _create_engine
    return ExecutionEngine(self, lambda _: self.stop())
  File "C:\Users\Teddy\anaconda3\envs\mma_elo_engine\lib\site-packages\scrapy\core\engine.py", line 100, in __init__
    self.scraper = Scraper(crawler)
  File "C:\Users\Teddy\anaconda3\envs\mma_elo_engine\lib\site-packages\scrapy\core\scraper.py", line 109, in __init__
    self.itemproc: ItemPipelineManager = itemproc_cls.from_crawler(crawler)
  File "C:\Users\Teddy\anaconda3\envs\mma_elo_engine\lib\site-packages\scrapy\middleware.py", line 90, in from_crawler
    return cls.from_settings(crawler.settings, crawler)
  File "C:\Users\Teddy\anaconda3\envs\mma_elo_engine\lib\site-packages\scrapy\middleware.py", line 66, in from_settings
    mwcls = load_object(clspath)
  File "C:\Users\Teddy\anaconda3\envs\mma_elo_engine\lib\site-packages\scrapy\utils\misc.py", line 79, in load_object
    mod = import_module(module)
  File "C:\Users\Teddy\anaconda3\envs\mma_elo_engine\lib\importlib\__init__.py", line 126, in import_module
    return _bootstrap._gcd_import(name[level:], package, level)
  File "<frozen importlib._bootstrap>", line 1050, in _gcd_import
  File "<frozen importlib._bootstrap>", line 1027, in _find_and_load
  File "<frozen importlib._bootstrap>", line 1006, in _find_and_load_unlocked
  File "<frozen importlib._bootstrap>", line 688, in _load_unlocked
  File "<frozen importlib._bootstrap_external>", line 883, in exec_module
  File "<frozen importlib._bootstrap>", line 241, in _call_with_frames_removed
  File "C:\Users\Teddy\Documents\Projects\mma-elo-engine\mma-elo-engine-py\backend\app\mma_scraper\mma_scraper\pipelines.py", line 16, in <module>
    from models import Fighter, Fight, Event, EloRecord
  File "C:\Users\Teddy\Documents\Projects\mma-elo-engine\mma-elo-engine-py\backend\app\models.py", line 3, in <module>
    from .database import Base
ImportError: attempted relative import with no known parent package
2024-10-11 15:04:38 [scrapy.utils.log] INFO: Scrapy 2.11.1 started (bot: mma_scraper)
2024-10-11 15:04:38 [scrapy.utils.log] INFO: Versions: lxml 5.3.0.0, libxml2 2.11.7, cssselect 1.2.0, parsel 1.8.1, w3lib 2.1.2, Twisted 23.10.0, Python 3.10.15 | packaged by Anaconda, Inc. | (main, Oct  3 2024, 07:22:19) [MSC v.1929 64 bit (AMD64)], pyOpenSSL 24.2.1 (OpenSSL 3.0.15 3 Sep 2024), cryptography 43.0.0, Platform Windows-10-10.0.19045-SP0
2024-10-11 15:04:38 [scrapy.addons] INFO: Enabled addons:
[]
2024-10-11 15:04:38 [scrapy.extensions.telnet] INFO: Telnet Password: b16f3c6d38a7597d
2024-10-11 15:04:38 [scrapy.middleware] INFO: Enabled extensions:
['scrapy.extensions.corestats.CoreStats',
 'scrapy.extensions.telnet.TelnetConsole',
 'scrapy.extensions.logstats.LogStats',
 'scrapy.extensions.throttle.AutoThrottle']
2024-10-11 15:04:38 [scrapy.crawler] INFO: Overridden settings:
{'AUTOTHROTTLE_ENABLED': True,
 'BOT_NAME': 'mma_scraper',
 'COOKIES_ENABLED': False,
 'FEED_EXPORT_ENCODING': 'utf-8',
 'LOG_FILE': 'scrapy.log',
 'LOG_LEVEL': 'INFO',
 'NEWSPIDER_MODULE': 'mma_scraper.spiders',
 'REQUEST_FINGERPRINTER_IMPLEMENTATION': '2.7',
 'ROBOTSTXT_OBEY': True,
 'SPIDER_MODULES': ['mma_scraper.spiders'],
 'TWISTED_REACTOR': 'twisted.internet.asyncioreactor.AsyncioSelectorReactor'}
2024-10-11 15:04:38 [scrapy.middleware] INFO: Enabled downloader middlewares:
['scrapy.downloadermiddlewares.robotstxt.RobotsTxtMiddleware',
 'scrapy.downloadermiddlewares.httpauth.HttpAuthMiddleware',
 'scrapy.downloadermiddlewares.downloadtimeout.DownloadTimeoutMiddleware',
 'scrapy.downloadermiddlewares.defaultheaders.DefaultHeadersMiddleware',
 'scrapy.downloadermiddlewares.useragent.UserAgentMiddleware',
 'scrapy.downloadermiddlewares.retry.RetryMiddleware',
 'scrapy.downloadermiddlewares.redirect.MetaRefreshMiddleware',
 'scrapy.downloadermiddlewares.httpcompression.HttpCompressionMiddleware',
 'scrapy.downloadermiddlewares.redirect.RedirectMiddleware',
 'scrapy.downloadermiddlewares.httpproxy.HttpProxyMiddleware',
 'scrapy.downloadermiddlewares.stats.DownloaderStats']
2024-10-11 15:04:38 [scrapy.middleware] INFO: Enabled spider middlewares:
['scrapy.spidermiddlewares.httperror.HttpErrorMiddleware',
 'scrapy.spidermiddlewares.offsite.OffsiteMiddleware',
 'scrapy.spidermiddlewares.referer.RefererMiddleware',
 'scrapy.spidermiddlewares.urllength.UrlLengthMiddleware',
 'scrapy.spidermiddlewares.depth.DepthMiddleware']
2024-10-11 15:04:38 [twisted] CRITICAL: Unhandled error in Deferred:
2024-10-11 15:04:38 [twisted] CRITICAL: 
Traceback (most recent call last):
  File "C:\Users\Teddy\anaconda3\envs\mma_elo_engine\lib\site-packages\twisted\internet\defer.py", line 2000, in _inlineCallbacks
    result = context.run(gen.send, result)
  File "C:\Users\Teddy\anaconda3\envs\mma_elo_engine\lib\site-packages\scrapy\crawler.py", line 158, in crawl
    self.engine = self._create_engine()
  File "C:\Users\Teddy\anaconda3\envs\mma_elo_engine\lib\site-packages\scrapy\crawler.py", line 172, in _create_engine
    return ExecutionEngine(self, lambda _: self.stop())
  File "C:\Users\Teddy\anaconda3\envs\mma_elo_engine\lib\site-packages\scrapy\core\engine.py", line 100, in __init__
    self.scraper = Scraper(crawler)
  File "C:\Users\Teddy\anaconda3\envs\mma_elo_engine\lib\site-packages\scrapy\core\scraper.py", line 109, in __init__
    self.itemproc: ItemPipelineManager = itemproc_cls.from_crawler(crawler)
  File "C:\Users\Teddy\anaconda3\envs\mma_elo_engine\lib\site-packages\scrapy\middleware.py", line 90, in from_crawler
    return cls.from_settings(crawler.settings, crawler)
  File "C:\Users\Teddy\anaconda3\envs\mma_elo_engine\lib\site-packages\scrapy\middleware.py", line 66, in from_settings
    mwcls = load_object(clspath)
  File "C:\Users\Teddy\anaconda3\envs\mma_elo_engine\lib\site-packages\scrapy\utils\misc.py", line 79, in load_object
    mod = import_module(module)
  File "C:\Users\Teddy\anaconda3\envs\mma_elo_engine\lib\importlib\__init__.py", line 126, in import_module
    return _bootstrap._gcd_import(name[level:], package, level)
  File "<frozen importlib._bootstrap>", line 1050, in _gcd_import
  File "<frozen importlib._bootstrap>", line 1027, in _find_and_load
  File "<frozen importlib._bootstrap>", line 1006, in _find_and_load_unlocked
  File "<frozen importlib._bootstrap>", line 688, in _load_unlocked
  File "<frozen importlib._bootstrap_external>", line 883, in exec_module
  File "<frozen importlib._bootstrap>", line 241, in _call_with_frames_removed
  File "C:\Users\Teddy\Documents\Projects\mma-elo-engine\mma-elo-engine-py\backend\app\mma_scraper\mma_scraper\pipelines.py", line 9, in <module>
    from models import Fighter, Fight, Event, EloRecord
ModuleNotFoundError: No module named 'models'
2024-10-11 15:05:34 [scrapy.utils.log] INFO: Scrapy 2.11.1 started (bot: mma_scraper)
2024-10-11 15:05:34 [scrapy.utils.log] INFO: Versions: lxml 5.3.0.0, libxml2 2.11.7, cssselect 1.2.0, parsel 1.8.1, w3lib 2.1.2, Twisted 23.10.0, Python 3.10.15 | packaged by Anaconda, Inc. | (main, Oct  3 2024, 07:22:19) [MSC v.1929 64 bit (AMD64)], pyOpenSSL 24.2.1 (OpenSSL 3.0.15 3 Sep 2024), cryptography 43.0.0, Platform Windows-10-10.0.19045-SP0
2024-10-11 15:05:34 [scrapy.addons] INFO: Enabled addons:
[]
2024-10-11 15:05:34 [scrapy.extensions.telnet] INFO: Telnet Password: 599325907820b26e
2024-10-11 15:05:34 [scrapy.middleware] INFO: Enabled extensions:
['scrapy.extensions.corestats.CoreStats',
 'scrapy.extensions.telnet.TelnetConsole',
 'scrapy.extensions.logstats.LogStats',
 'scrapy.extensions.throttle.AutoThrottle']
2024-10-11 15:05:34 [scrapy.crawler] INFO: Overridden settings:
{'AUTOTHROTTLE_ENABLED': True,
 'BOT_NAME': 'mma_scraper',
 'COOKIES_ENABLED': False,
 'FEED_EXPORT_ENCODING': 'utf-8',
 'LOG_FILE': 'scrapy.log',
 'LOG_LEVEL': 'INFO',
 'NEWSPIDER_MODULE': 'mma_scraper.spiders',
 'REQUEST_FINGERPRINTER_IMPLEMENTATION': '2.7',
 'ROBOTSTXT_OBEY': True,
 'SPIDER_MODULES': ['mma_scraper.spiders'],
 'TWISTED_REACTOR': 'twisted.internet.asyncioreactor.AsyncioSelectorReactor'}
2024-10-11 15:05:34 [scrapy.middleware] INFO: Enabled downloader middlewares:
['scrapy.downloadermiddlewares.robotstxt.RobotsTxtMiddleware',
 'scrapy.downloadermiddlewares.httpauth.HttpAuthMiddleware',
 'scrapy.downloadermiddlewares.downloadtimeout.DownloadTimeoutMiddleware',
 'scrapy.downloadermiddlewares.defaultheaders.DefaultHeadersMiddleware',
 'scrapy.downloadermiddlewares.useragent.UserAgentMiddleware',
 'scrapy.downloadermiddlewares.retry.RetryMiddleware',
 'scrapy.downloadermiddlewares.redirect.MetaRefreshMiddleware',
 'scrapy.downloadermiddlewares.httpcompression.HttpCompressionMiddleware',
 'scrapy.downloadermiddlewares.redirect.RedirectMiddleware',
 'scrapy.downloadermiddlewares.httpproxy.HttpProxyMiddleware',
 'scrapy.downloadermiddlewares.stats.DownloaderStats']
2024-10-11 15:05:34 [scrapy.middleware] INFO: Enabled spider middlewares:
['scrapy.spidermiddlewares.httperror.HttpErrorMiddleware',
 'scrapy.spidermiddlewares.offsite.OffsiteMiddleware',
 'scrapy.spidermiddlewares.referer.RefererMiddleware',
 'scrapy.spidermiddlewares.urllength.UrlLengthMiddleware',
 'scrapy.spidermiddlewares.depth.DepthMiddleware']
2024-10-11 15:05:35 [twisted] CRITICAL: Unhandled error in Deferred:
2024-10-11 15:05:35 [twisted] CRITICAL: 
Traceback (most recent call last):
  File "C:\Users\Teddy\anaconda3\envs\mma_elo_engine\lib\site-packages\twisted\internet\defer.py", line 2000, in _inlineCallbacks
    result = context.run(gen.send, result)
  File "C:\Users\Teddy\anaconda3\envs\mma_elo_engine\lib\site-packages\scrapy\crawler.py", line 158, in crawl
    self.engine = self._create_engine()
  File "C:\Users\Teddy\anaconda3\envs\mma_elo_engine\lib\site-packages\scrapy\crawler.py", line 172, in _create_engine
    return ExecutionEngine(self, lambda _: self.stop())
  File "C:\Users\Teddy\anaconda3\envs\mma_elo_engine\lib\site-packages\scrapy\core\engine.py", line 100, in __init__
    self.scraper = Scraper(crawler)
  File "C:\Users\Teddy\anaconda3\envs\mma_elo_engine\lib\site-packages\scrapy\core\scraper.py", line 109, in __init__
    self.itemproc: ItemPipelineManager = itemproc_cls.from_crawler(crawler)
  File "C:\Users\Teddy\anaconda3\envs\mma_elo_engine\lib\site-packages\scrapy\middleware.py", line 90, in from_crawler
    return cls.from_settings(crawler.settings, crawler)
  File "C:\Users\Teddy\anaconda3\envs\mma_elo_engine\lib\site-packages\scrapy\middleware.py", line 66, in from_settings
    mwcls = load_object(clspath)
  File "C:\Users\Teddy\anaconda3\envs\mma_elo_engine\lib\site-packages\scrapy\utils\misc.py", line 79, in load_object
    mod = import_module(module)
  File "C:\Users\Teddy\anaconda3\envs\mma_elo_engine\lib\importlib\__init__.py", line 126, in import_module
    return _bootstrap._gcd_import(name[level:], package, level)
  File "<frozen importlib._bootstrap>", line 1050, in _gcd_import
  File "<frozen importlib._bootstrap>", line 1027, in _find_and_load
  File "<frozen importlib._bootstrap>", line 1006, in _find_and_load_unlocked
  File "<frozen importlib._bootstrap>", line 688, in _load_unlocked
  File "<frozen importlib._bootstrap_external>", line 883, in exec_module
  File "<frozen importlib._bootstrap>", line 241, in _call_with_frames_removed
  File "C:\Users\Teddy\Documents\Projects\mma-elo-engine\mma-elo-engine-py\backend\app\mma_scraper\mma_scraper\pipelines.py", line 9, in <module>
    from mma_scraper.models import Fighter, Fight, Event, EloRecord
  File "C:\Users\Teddy\Documents\Projects\mma-elo-engine\mma-elo-engine-py\backend\app\mma_scraper\mma_scraper\models.py", line 3, in <module>
    from app.database import Base
ModuleNotFoundError: No module named 'app'
2024-10-11 15:06:21 [scrapy.utils.log] INFO: Scrapy 2.11.1 started (bot: mma_scraper)
2024-10-11 15:06:22 [scrapy.utils.log] INFO: Versions: lxml 5.3.0.0, libxml2 2.11.7, cssselect 1.2.0, parsel 1.8.1, w3lib 2.1.2, Twisted 23.10.0, Python 3.10.15 | packaged by Anaconda, Inc. | (main, Oct  3 2024, 07:22:19) [MSC v.1929 64 bit (AMD64)], pyOpenSSL 24.2.1 (OpenSSL 3.0.15 3 Sep 2024), cryptography 43.0.0, Platform Windows-10-10.0.19045-SP0
2024-10-11 15:06:22 [scrapy.addons] INFO: Enabled addons:
[]
2024-10-11 15:06:22 [scrapy.extensions.telnet] INFO: Telnet Password: 31c20e81dda39f7e
2024-10-11 15:06:22 [scrapy.middleware] INFO: Enabled extensions:
['scrapy.extensions.corestats.CoreStats',
 'scrapy.extensions.telnet.TelnetConsole',
 'scrapy.extensions.logstats.LogStats',
 'scrapy.extensions.throttle.AutoThrottle']
2024-10-11 15:06:22 [scrapy.crawler] INFO: Overridden settings:
{'AUTOTHROTTLE_ENABLED': True,
 'BOT_NAME': 'mma_scraper',
 'COOKIES_ENABLED': False,
 'FEED_EXPORT_ENCODING': 'utf-8',
 'LOG_FILE': 'scrapy.log',
 'LOG_LEVEL': 'INFO',
 'NEWSPIDER_MODULE': 'mma_scraper.spiders',
 'REQUEST_FINGERPRINTER_IMPLEMENTATION': '2.7',
 'ROBOTSTXT_OBEY': True,
 'SPIDER_MODULES': ['mma_scraper.spiders'],
 'TWISTED_REACTOR': 'twisted.internet.asyncioreactor.AsyncioSelectorReactor'}
2024-10-11 15:06:22 [scrapy.middleware] INFO: Enabled downloader middlewares:
['scrapy.downloadermiddlewares.robotstxt.RobotsTxtMiddleware',
 'scrapy.downloadermiddlewares.httpauth.HttpAuthMiddleware',
 'scrapy.downloadermiddlewares.downloadtimeout.DownloadTimeoutMiddleware',
 'scrapy.downloadermiddlewares.defaultheaders.DefaultHeadersMiddleware',
 'scrapy.downloadermiddlewares.useragent.UserAgentMiddleware',
 'scrapy.downloadermiddlewares.retry.RetryMiddleware',
 'scrapy.downloadermiddlewares.redirect.MetaRefreshMiddleware',
 'scrapy.downloadermiddlewares.httpcompression.HttpCompressionMiddleware',
 'scrapy.downloadermiddlewares.redirect.RedirectMiddleware',
 'scrapy.downloadermiddlewares.httpproxy.HttpProxyMiddleware',
 'scrapy.downloadermiddlewares.stats.DownloaderStats']
2024-10-11 15:06:22 [scrapy.middleware] INFO: Enabled spider middlewares:
['scrapy.spidermiddlewares.httperror.HttpErrorMiddleware',
 'scrapy.spidermiddlewares.offsite.OffsiteMiddleware',
 'scrapy.spidermiddlewares.referer.RefererMiddleware',
 'scrapy.spidermiddlewares.urllength.UrlLengthMiddleware',
 'scrapy.spidermiddlewares.depth.DepthMiddleware']
2024-10-11 15:06:22 [twisted] CRITICAL: Unhandled error in Deferred:
2024-10-11 15:06:22 [twisted] CRITICAL: 
Traceback (most recent call last):
  File "C:\Users\Teddy\anaconda3\envs\mma_elo_engine\lib\site-packages\twisted\internet\defer.py", line 2000, in _inlineCallbacks
    result = context.run(gen.send, result)
  File "C:\Users\Teddy\anaconda3\envs\mma_elo_engine\lib\site-packages\scrapy\crawler.py", line 158, in crawl
    self.engine = self._create_engine()
  File "C:\Users\Teddy\anaconda3\envs\mma_elo_engine\lib\site-packages\scrapy\crawler.py", line 172, in _create_engine
    return ExecutionEngine(self, lambda _: self.stop())
  File "C:\Users\Teddy\anaconda3\envs\mma_elo_engine\lib\site-packages\scrapy\core\engine.py", line 100, in __init__
    self.scraper = Scraper(crawler)
  File "C:\Users\Teddy\anaconda3\envs\mma_elo_engine\lib\site-packages\scrapy\core\scraper.py", line 109, in __init__
    self.itemproc: ItemPipelineManager = itemproc_cls.from_crawler(crawler)
  File "C:\Users\Teddy\anaconda3\envs\mma_elo_engine\lib\site-packages\scrapy\middleware.py", line 90, in from_crawler
    return cls.from_settings(crawler.settings, crawler)
  File "C:\Users\Teddy\anaconda3\envs\mma_elo_engine\lib\site-packages\scrapy\middleware.py", line 66, in from_settings
    mwcls = load_object(clspath)
  File "C:\Users\Teddy\anaconda3\envs\mma_elo_engine\lib\site-packages\scrapy\utils\misc.py", line 79, in load_object
    mod = import_module(module)
  File "C:\Users\Teddy\anaconda3\envs\mma_elo_engine\lib\importlib\__init__.py", line 126, in import_module
    return _bootstrap._gcd_import(name[level:], package, level)
  File "<frozen importlib._bootstrap>", line 1050, in _gcd_import
  File "<frozen importlib._bootstrap>", line 1027, in _find_and_load
  File "<frozen importlib._bootstrap>", line 1006, in _find_and_load_unlocked
  File "<frozen importlib._bootstrap>", line 688, in _load_unlocked
  File "<frozen importlib._bootstrap_external>", line 883, in exec_module
  File "<frozen importlib._bootstrap>", line 241, in _call_with_frames_removed
  File "C:\Users\Teddy\Documents\Projects\mma-elo-engine\mma-elo-engine-py\backend\app\mma_scraper\mma_scraper\pipelines.py", line 9, in <module>
    from mma_scraper.models import Fighter, Fight, Event, EloRecord
  File "C:\Users\Teddy\Documents\Projects\mma-elo-engine\mma-elo-engine-py\backend\app\mma_scraper\mma_scraper\models.py", line 3, in <module>
    from app.database import Base
ModuleNotFoundError: No module named 'app'
2024-10-11 15:06:36 [scrapy.utils.log] INFO: Scrapy 2.11.1 started (bot: mma_scraper)
2024-10-11 15:06:36 [scrapy.utils.log] INFO: Versions: lxml 5.3.0.0, libxml2 2.11.7, cssselect 1.2.0, parsel 1.8.1, w3lib 2.1.2, Twisted 23.10.0, Python 3.10.15 | packaged by Anaconda, Inc. | (main, Oct  3 2024, 07:22:19) [MSC v.1929 64 bit (AMD64)], pyOpenSSL 24.2.1 (OpenSSL 3.0.15 3 Sep 2024), cryptography 43.0.0, Platform Windows-10-10.0.19045-SP0
2024-10-11 15:06:36 [scrapy.addons] INFO: Enabled addons:
[]
2024-10-11 15:06:36 [scrapy.extensions.telnet] INFO: Telnet Password: 02bb893bbfc2914f
2024-10-11 15:06:37 [scrapy.middleware] INFO: Enabled extensions:
['scrapy.extensions.corestats.CoreStats',
 'scrapy.extensions.telnet.TelnetConsole',
 'scrapy.extensions.logstats.LogStats',
 'scrapy.extensions.throttle.AutoThrottle']
2024-10-11 15:06:37 [scrapy.crawler] INFO: Overridden settings:
{'AUTOTHROTTLE_ENABLED': True,
 'BOT_NAME': 'mma_scraper',
 'COOKIES_ENABLED': False,
 'FEED_EXPORT_ENCODING': 'utf-8',
 'LOG_FILE': 'scrapy.log',
 'LOG_LEVEL': 'INFO',
 'NEWSPIDER_MODULE': 'mma_scraper.spiders',
 'REQUEST_FINGERPRINTER_IMPLEMENTATION': '2.7',
 'ROBOTSTXT_OBEY': True,
 'SPIDER_MODULES': ['mma_scraper.spiders'],
 'TWISTED_REACTOR': 'twisted.internet.asyncioreactor.AsyncioSelectorReactor'}
2024-10-11 15:06:37 [scrapy.middleware] INFO: Enabled downloader middlewares:
['scrapy.downloadermiddlewares.robotstxt.RobotsTxtMiddleware',
 'scrapy.downloadermiddlewares.httpauth.HttpAuthMiddleware',
 'scrapy.downloadermiddlewares.downloadtimeout.DownloadTimeoutMiddleware',
 'scrapy.downloadermiddlewares.defaultheaders.DefaultHeadersMiddleware',
 'scrapy.downloadermiddlewares.useragent.UserAgentMiddleware',
 'scrapy.downloadermiddlewares.retry.RetryMiddleware',
 'scrapy.downloadermiddlewares.redirect.MetaRefreshMiddleware',
 'scrapy.downloadermiddlewares.httpcompression.HttpCompressionMiddleware',
 'scrapy.downloadermiddlewares.redirect.RedirectMiddleware',
 'scrapy.downloadermiddlewares.httpproxy.HttpProxyMiddleware',
 'scrapy.downloadermiddlewares.stats.DownloaderStats']
2024-10-11 15:06:37 [scrapy.middleware] INFO: Enabled spider middlewares:
['scrapy.spidermiddlewares.httperror.HttpErrorMiddleware',
 'scrapy.spidermiddlewares.offsite.OffsiteMiddleware',
 'scrapy.spidermiddlewares.referer.RefererMiddleware',
 'scrapy.spidermiddlewares.urllength.UrlLengthMiddleware',
 'scrapy.spidermiddlewares.depth.DepthMiddleware']
2024-10-11 15:06:37 [scrapy.middleware] INFO: Enabled item pipelines:
['mma_scraper.pipelines.MmaScraperPipeline']
2024-10-11 15:06:37 [scrapy.core.engine] INFO: Spider opened
2024-10-11 15:06:37 [scrapy.extensions.logstats] INFO: Crawled 0 pages (at 0 pages/min), scraped 0 items (at 0 items/min)
2024-10-11 15:06:37 [scrapy.extensions.telnet] INFO: Telnet console listening on 127.0.0.1:6023
2024-10-11 15:07:37 [scrapy.extensions.logstats] INFO: Crawled 116 pages (at 116 pages/min), scraped 1006 items (at 1006 items/min)
2024-10-11 15:08:37 [scrapy.extensions.logstats] INFO: Crawled 256 pages (at 140 pages/min), scraped 2518 items (at 1512 items/min)
2024-10-11 15:09:37 [scrapy.extensions.logstats] INFO: Crawled 327 pages (at 71 pages/min), scraped 3320 items (at 802 items/min)
2024-10-11 15:10:37 [scrapy.extensions.logstats] INFO: Crawled 437 pages (at 110 pages/min), scraped 4607 items (at 1287 items/min)
2024-10-11 15:11:37 [scrapy.extensions.logstats] INFO: Crawled 568 pages (at 131 pages/min), scraped 6158 items (at 1551 items/min)
2024-10-11 15:12:37 [scrapy.extensions.logstats] INFO: Crawled 683 pages (at 115 pages/min), scraped 7554 items (at 1396 items/min)
2024-10-11 15:12:44 [scrapy.core.engine] INFO: Closing spider (finished)
2024-10-11 15:12:44 [scrapy.statscollectors] INFO: Dumping Scrapy stats:
{'downloader/request_bytes': 222164,
 'downloader/request_count': 708,
 'downloader/request_method_count/GET': 708,
 'downloader/response_bytes': 3205674,
 'downloader/response_count': 708,
 'downloader/response_status_count/200': 707,
 'downloader/response_status_count/404': 1,
 'elapsed_time_seconds': 367.212399,
 'finish_reason': 'finished',
 'finish_time': datetime.datetime(2024, 10, 11, 19, 12, 44, 938870, tzinfo=datetime.timezone.utc),
 'httpcompression/response_bytes': 29735361,
 'httpcompression/response_count': 707,
 'item_scraped_count': 7862,
 'log_count/INFO': 16,
 'request_depth_max': 1,
 'response_received_count': 708,
 'robotstxt/request_count': 1,
 'robotstxt/response_count': 1,
 'robotstxt/response_status_count/404': 1,
 'scheduler/dequeued': 707,
 'scheduler/dequeued/memory': 707,
 'scheduler/enqueued': 707,
 'scheduler/enqueued/memory': 707,
 'start_time': datetime.datetime(2024, 10, 11, 19, 6, 37, 726471, tzinfo=datetime.timezone.utc)}
2024-10-11 15:12:44 [scrapy.core.engine] INFO: Spider closed (finished)
2024-10-11 15:15:14 [scrapy.utils.log] INFO: Scrapy 2.11.1 started (bot: mma_scraper)
2024-10-11 15:15:14 [scrapy.utils.log] INFO: Versions: lxml 5.3.0.0, libxml2 2.11.7, cssselect 1.2.0, parsel 1.8.1, w3lib 2.1.2, Twisted 23.10.0, Python 3.10.15 | packaged by Anaconda, Inc. | (main, Oct  3 2024, 07:22:19) [MSC v.1929 64 bit (AMD64)], pyOpenSSL 24.2.1 (OpenSSL 3.0.15 3 Sep 2024), cryptography 43.0.0, Platform Windows-10-10.0.19045-SP0
2024-10-11 15:15:14 [scrapy.addons] INFO: Enabled addons:
[]
2024-10-11 15:15:14 [scrapy.extensions.telnet] INFO: Telnet Password: ddb93210e47a051f
2024-10-11 15:15:14 [scrapy.middleware] INFO: Enabled extensions:
['scrapy.extensions.corestats.CoreStats',
 'scrapy.extensions.telnet.TelnetConsole',
 'scrapy.extensions.logstats.LogStats',
 'scrapy.extensions.throttle.AutoThrottle']
2024-10-11 15:15:14 [scrapy.crawler] INFO: Overridden settings:
{'AUTOTHROTTLE_ENABLED': True,
 'BOT_NAME': 'mma_scraper',
 'COOKIES_ENABLED': False,
 'FEED_EXPORT_ENCODING': 'utf-8',
 'LOG_FILE': 'scrapy.log',
 'LOG_LEVEL': 'INFO',
 'NEWSPIDER_MODULE': 'mma_scraper.spiders',
 'REQUEST_FINGERPRINTER_IMPLEMENTATION': '2.7',
 'ROBOTSTXT_OBEY': True,
 'SPIDER_MODULES': ['mma_scraper.spiders'],
 'TWISTED_REACTOR': 'twisted.internet.asyncioreactor.AsyncioSelectorReactor'}
2024-10-11 15:15:14 [scrapy.middleware] INFO: Enabled downloader middlewares:
['scrapy.downloadermiddlewares.robotstxt.RobotsTxtMiddleware',
 'scrapy.downloadermiddlewares.httpauth.HttpAuthMiddleware',
 'scrapy.downloadermiddlewares.downloadtimeout.DownloadTimeoutMiddleware',
 'scrapy.downloadermiddlewares.defaultheaders.DefaultHeadersMiddleware',
 'scrapy.downloadermiddlewares.useragent.UserAgentMiddleware',
 'scrapy.downloadermiddlewares.retry.RetryMiddleware',
 'scrapy.downloadermiddlewares.redirect.MetaRefreshMiddleware',
 'scrapy.downloadermiddlewares.httpcompression.HttpCompressionMiddleware',
 'scrapy.downloadermiddlewares.redirect.RedirectMiddleware',
 'scrapy.downloadermiddlewares.httpproxy.HttpProxyMiddleware',
 'scrapy.downloadermiddlewares.stats.DownloaderStats']
2024-10-11 15:15:14 [scrapy.middleware] INFO: Enabled spider middlewares:
['scrapy.spidermiddlewares.httperror.HttpErrorMiddleware',
 'scrapy.spidermiddlewares.offsite.OffsiteMiddleware',
 'scrapy.spidermiddlewares.referer.RefererMiddleware',
 'scrapy.spidermiddlewares.urllength.UrlLengthMiddleware',
 'scrapy.spidermiddlewares.depth.DepthMiddleware']
2024-10-11 15:15:15 [twisted] CRITICAL: Unhandled error in Deferred:
2024-10-11 15:15:15 [twisted] CRITICAL: 
Traceback (most recent call last):
  File "C:\Users\Teddy\anaconda3\envs\mma_elo_engine\lib\site-packages\twisted\internet\defer.py", line 2000, in _inlineCallbacks
    result = context.run(gen.send, result)
  File "C:\Users\Teddy\anaconda3\envs\mma_elo_engine\lib\site-packages\scrapy\crawler.py", line 158, in crawl
    self.engine = self._create_engine()
  File "C:\Users\Teddy\anaconda3\envs\mma_elo_engine\lib\site-packages\scrapy\crawler.py", line 172, in _create_engine
    return ExecutionEngine(self, lambda _: self.stop())
  File "C:\Users\Teddy\anaconda3\envs\mma_elo_engine\lib\site-packages\scrapy\core\engine.py", line 100, in __init__
    self.scraper = Scraper(crawler)
  File "C:\Users\Teddy\anaconda3\envs\mma_elo_engine\lib\site-packages\scrapy\core\scraper.py", line 109, in __init__
    self.itemproc: ItemPipelineManager = itemproc_cls.from_crawler(crawler)
  File "C:\Users\Teddy\anaconda3\envs\mma_elo_engine\lib\site-packages\scrapy\middleware.py", line 90, in from_crawler
    return cls.from_settings(crawler.settings, crawler)
  File "C:\Users\Teddy\anaconda3\envs\mma_elo_engine\lib\site-packages\scrapy\middleware.py", line 66, in from_settings
    mwcls = load_object(clspath)
  File "C:\Users\Teddy\anaconda3\envs\mma_elo_engine\lib\site-packages\scrapy\utils\misc.py", line 79, in load_object
    mod = import_module(module)
  File "C:\Users\Teddy\anaconda3\envs\mma_elo_engine\lib\importlib\__init__.py", line 126, in import_module
    return _bootstrap._gcd_import(name[level:], package, level)
  File "<frozen importlib._bootstrap>", line 1050, in _gcd_import
  File "<frozen importlib._bootstrap>", line 1027, in _find_and_load
  File "<frozen importlib._bootstrap>", line 1006, in _find_and_load_unlocked
  File "<frozen importlib._bootstrap>", line 688, in _load_unlocked
  File "<frozen importlib._bootstrap_external>", line 883, in exec_module
  File "<frozen importlib._bootstrap>", line 241, in _call_with_frames_removed
  File "C:\Users\Teddy\Documents\Projects\mma-elo-engine\mma-elo-engine-py\mma_scraper\mma_scraper\pipelines.py", line 9, in <module>
    from backend.app.models import Fighter, Fight, Event, EloRecord
ModuleNotFoundError: No module named 'backend'
2024-10-11 15:15:52 [scrapy.utils.log] INFO: Scrapy 2.11.1 started (bot: mma_scraper)
2024-10-11 15:15:52 [scrapy.utils.log] INFO: Versions: lxml 5.3.0.0, libxml2 2.11.7, cssselect 1.2.0, parsel 1.8.1, w3lib 2.1.2, Twisted 23.10.0, Python 3.10.15 | packaged by Anaconda, Inc. | (main, Oct  3 2024, 07:22:19) [MSC v.1929 64 bit (AMD64)], pyOpenSSL 24.2.1 (OpenSSL 3.0.15 3 Sep 2024), cryptography 43.0.0, Platform Windows-10-10.0.19045-SP0
2024-10-11 15:15:52 [scrapy.addons] INFO: Enabled addons:
[]
2024-10-11 15:15:52 [scrapy.extensions.telnet] INFO: Telnet Password: eb159d0bf1ca382c
2024-10-11 15:15:52 [scrapy.middleware] INFO: Enabled extensions:
['scrapy.extensions.corestats.CoreStats',
 'scrapy.extensions.telnet.TelnetConsole',
 'scrapy.extensions.logstats.LogStats',
 'scrapy.extensions.throttle.AutoThrottle']
2024-10-11 15:15:52 [scrapy.crawler] INFO: Overridden settings:
{'AUTOTHROTTLE_ENABLED': True,
 'BOT_NAME': 'mma_scraper',
 'COOKIES_ENABLED': False,
 'FEED_EXPORT_ENCODING': 'utf-8',
 'LOG_FILE': 'scrapy.log',
 'LOG_LEVEL': 'INFO',
 'NEWSPIDER_MODULE': 'mma_scraper.spiders',
 'REQUEST_FINGERPRINTER_IMPLEMENTATION': '2.7',
 'ROBOTSTXT_OBEY': True,
 'SPIDER_MODULES': ['mma_scraper.spiders'],
 'TWISTED_REACTOR': 'twisted.internet.asyncioreactor.AsyncioSelectorReactor'}
2024-10-11 15:15:52 [scrapy.middleware] INFO: Enabled downloader middlewares:
['scrapy.downloadermiddlewares.robotstxt.RobotsTxtMiddleware',
 'scrapy.downloadermiddlewares.httpauth.HttpAuthMiddleware',
 'scrapy.downloadermiddlewares.downloadtimeout.DownloadTimeoutMiddleware',
 'scrapy.downloadermiddlewares.defaultheaders.DefaultHeadersMiddleware',
 'scrapy.downloadermiddlewares.useragent.UserAgentMiddleware',
 'scrapy.downloadermiddlewares.retry.RetryMiddleware',
 'scrapy.downloadermiddlewares.redirect.MetaRefreshMiddleware',
 'scrapy.downloadermiddlewares.httpcompression.HttpCompressionMiddleware',
 'scrapy.downloadermiddlewares.redirect.RedirectMiddleware',
 'scrapy.downloadermiddlewares.httpproxy.HttpProxyMiddleware',
 'scrapy.downloadermiddlewares.stats.DownloaderStats']
2024-10-11 15:15:52 [scrapy.middleware] INFO: Enabled spider middlewares:
['scrapy.spidermiddlewares.httperror.HttpErrorMiddleware',
 'scrapy.spidermiddlewares.offsite.OffsiteMiddleware',
 'scrapy.spidermiddlewares.referer.RefererMiddleware',
 'scrapy.spidermiddlewares.urllength.UrlLengthMiddleware',
 'scrapy.spidermiddlewares.depth.DepthMiddleware']
2024-10-11 15:15:53 [twisted] CRITICAL: Unhandled error in Deferred:
2024-10-11 15:15:53 [twisted] CRITICAL: 
Traceback (most recent call last):
  File "C:\Users\Teddy\anaconda3\envs\mma_elo_engine\lib\site-packages\twisted\internet\defer.py", line 2000, in _inlineCallbacks
    result = context.run(gen.send, result)
  File "C:\Users\Teddy\anaconda3\envs\mma_elo_engine\lib\site-packages\scrapy\crawler.py", line 158, in crawl
    self.engine = self._create_engine()
  File "C:\Users\Teddy\anaconda3\envs\mma_elo_engine\lib\site-packages\scrapy\crawler.py", line 172, in _create_engine
    return ExecutionEngine(self, lambda _: self.stop())
  File "C:\Users\Teddy\anaconda3\envs\mma_elo_engine\lib\site-packages\scrapy\core\engine.py", line 100, in __init__
    self.scraper = Scraper(crawler)
  File "C:\Users\Teddy\anaconda3\envs\mma_elo_engine\lib\site-packages\scrapy\core\scraper.py", line 109, in __init__
    self.itemproc: ItemPipelineManager = itemproc_cls.from_crawler(crawler)
  File "C:\Users\Teddy\anaconda3\envs\mma_elo_engine\lib\site-packages\scrapy\middleware.py", line 90, in from_crawler
    return cls.from_settings(crawler.settings, crawler)
  File "C:\Users\Teddy\anaconda3\envs\mma_elo_engine\lib\site-packages\scrapy\middleware.py", line 66, in from_settings
    mwcls = load_object(clspath)
  File "C:\Users\Teddy\anaconda3\envs\mma_elo_engine\lib\site-packages\scrapy\utils\misc.py", line 79, in load_object
    mod = import_module(module)
  File "C:\Users\Teddy\anaconda3\envs\mma_elo_engine\lib\importlib\__init__.py", line 126, in import_module
    return _bootstrap._gcd_import(name[level:], package, level)
  File "<frozen importlib._bootstrap>", line 1050, in _gcd_import
  File "<frozen importlib._bootstrap>", line 1027, in _find_and_load
  File "<frozen importlib._bootstrap>", line 1006, in _find_and_load_unlocked
  File "<frozen importlib._bootstrap>", line 688, in _load_unlocked
  File "<frozen importlib._bootstrap_external>", line 883, in exec_module
  File "<frozen importlib._bootstrap>", line 241, in _call_with_frames_removed
  File "c:\Users\Teddy\Documents\Projects\mma-elo-engine\mma-elo-engine-py\mma_scraper\mma_scraper\pipelines.py", line 9, in <module>
    from backend.app.models import Fighter, Fight, Event, EloRecord
ModuleNotFoundError: No module named 'backend'
2024-10-11 15:16:04 [scrapy.utils.log] INFO: Scrapy 2.11.1 started (bot: mma_scraper)
2024-10-11 15:16:04 [scrapy.utils.log] INFO: Versions: lxml 5.3.0.0, libxml2 2.11.7, cssselect 1.2.0, parsel 1.8.1, w3lib 2.1.2, Twisted 23.10.0, Python 3.10.15 | packaged by Anaconda, Inc. | (main, Oct  3 2024, 07:22:19) [MSC v.1929 64 bit (AMD64)], pyOpenSSL 24.2.1 (OpenSSL 3.0.15 3 Sep 2024), cryptography 43.0.0, Platform Windows-10-10.0.19045-SP0
2024-10-11 15:16:04 [scrapy.addons] INFO: Enabled addons:
[]
2024-10-11 15:16:04 [scrapy.extensions.telnet] INFO: Telnet Password: b6a8a610c5c9bcb1
2024-10-11 15:16:05 [scrapy.middleware] INFO: Enabled extensions:
['scrapy.extensions.corestats.CoreStats',
 'scrapy.extensions.telnet.TelnetConsole',
 'scrapy.extensions.logstats.LogStats',
 'scrapy.extensions.throttle.AutoThrottle']
2024-10-11 15:16:05 [scrapy.crawler] INFO: Overridden settings:
{'AUTOTHROTTLE_ENABLED': True,
 'BOT_NAME': 'mma_scraper',
 'COOKIES_ENABLED': False,
 'FEED_EXPORT_ENCODING': 'utf-8',
 'LOG_FILE': 'scrapy.log',
 'LOG_LEVEL': 'INFO',
 'NEWSPIDER_MODULE': 'mma_scraper.spiders',
 'REQUEST_FINGERPRINTER_IMPLEMENTATION': '2.7',
 'ROBOTSTXT_OBEY': True,
 'SPIDER_MODULES': ['mma_scraper.spiders'],
 'TWISTED_REACTOR': 'twisted.internet.asyncioreactor.AsyncioSelectorReactor'}
2024-10-11 15:16:05 [scrapy.middleware] INFO: Enabled downloader middlewares:
['scrapy.downloadermiddlewares.robotstxt.RobotsTxtMiddleware',
 'scrapy.downloadermiddlewares.httpauth.HttpAuthMiddleware',
 'scrapy.downloadermiddlewares.downloadtimeout.DownloadTimeoutMiddleware',
 'scrapy.downloadermiddlewares.defaultheaders.DefaultHeadersMiddleware',
 'scrapy.downloadermiddlewares.useragent.UserAgentMiddleware',
 'scrapy.downloadermiddlewares.retry.RetryMiddleware',
 'scrapy.downloadermiddlewares.redirect.MetaRefreshMiddleware',
 'scrapy.downloadermiddlewares.httpcompression.HttpCompressionMiddleware',
 'scrapy.downloadermiddlewares.redirect.RedirectMiddleware',
 'scrapy.downloadermiddlewares.httpproxy.HttpProxyMiddleware',
 'scrapy.downloadermiddlewares.stats.DownloaderStats']
2024-10-11 15:16:05 [scrapy.middleware] INFO: Enabled spider middlewares:
['scrapy.spidermiddlewares.httperror.HttpErrorMiddleware',
 'scrapy.spidermiddlewares.offsite.OffsiteMiddleware',
 'scrapy.spidermiddlewares.referer.RefererMiddleware',
 'scrapy.spidermiddlewares.urllength.UrlLengthMiddleware',
 'scrapy.spidermiddlewares.depth.DepthMiddleware']
2024-10-11 15:16:05 [twisted] CRITICAL: Unhandled error in Deferred:
2024-10-11 15:16:05 [twisted] CRITICAL: 
Traceback (most recent call last):
  File "C:\Users\Teddy\anaconda3\envs\mma_elo_engine\lib\site-packages\twisted\internet\defer.py", line 2000, in _inlineCallbacks
    result = context.run(gen.send, result)
  File "C:\Users\Teddy\anaconda3\envs\mma_elo_engine\lib\site-packages\scrapy\crawler.py", line 158, in crawl
    self.engine = self._create_engine()
  File "C:\Users\Teddy\anaconda3\envs\mma_elo_engine\lib\site-packages\scrapy\crawler.py", line 172, in _create_engine
    return ExecutionEngine(self, lambda _: self.stop())
  File "C:\Users\Teddy\anaconda3\envs\mma_elo_engine\lib\site-packages\scrapy\core\engine.py", line 100, in __init__
    self.scraper = Scraper(crawler)
  File "C:\Users\Teddy\anaconda3\envs\mma_elo_engine\lib\site-packages\scrapy\core\scraper.py", line 109, in __init__
    self.itemproc: ItemPipelineManager = itemproc_cls.from_crawler(crawler)
  File "C:\Users\Teddy\anaconda3\envs\mma_elo_engine\lib\site-packages\scrapy\middleware.py", line 90, in from_crawler
    return cls.from_settings(crawler.settings, crawler)
  File "C:\Users\Teddy\anaconda3\envs\mma_elo_engine\lib\site-packages\scrapy\middleware.py", line 66, in from_settings
    mwcls = load_object(clspath)
  File "C:\Users\Teddy\anaconda3\envs\mma_elo_engine\lib\site-packages\scrapy\utils\misc.py", line 79, in load_object
    mod = import_module(module)
  File "C:\Users\Teddy\anaconda3\envs\mma_elo_engine\lib\importlib\__init__.py", line 126, in import_module
    return _bootstrap._gcd_import(name[level:], package, level)
  File "<frozen importlib._bootstrap>", line 1050, in _gcd_import
  File "<frozen importlib._bootstrap>", line 1027, in _find_and_load
  File "<frozen importlib._bootstrap>", line 1006, in _find_and_load_unlocked
  File "<frozen importlib._bootstrap>", line 688, in _load_unlocked
  File "<frozen importlib._bootstrap_external>", line 883, in exec_module
  File "<frozen importlib._bootstrap>", line 241, in _call_with_frames_removed
  File "c:\Users\Teddy\Documents\Projects\mma-elo-engine\mma-elo-engine-py\mma_scraper\mma_scraper\pipelines.py", line 9, in <module>
    from backend.app.models import Fighter, Fight, Event, EloRecord
ModuleNotFoundError: No module named 'backend'
